Created by PLY version 3.11 (http://www.dabeaz.com/ply)

Unused terminals:

    COMMENTBLOCK
    ELSE
    FOR
    IF
    LCURLY
    MAIN
    PRINTLN
    RCURLY
    RETURN
    SCANF
    TEXTO
    VOID
    WHILE

Grammar

Rule 0     S' -> Programa
Rule 1     Programa -> Declaracao
Rule 2     Declaracao -> DeclaracaoVariavel
Rule 3     Declaracao -> DeclaracaoFuncao
Rule 4     Declaracao -> DeclaracaoEstrutura
Rule 5     Declaracao -> Comentario
Rule 6     DeclaracaoVariavel -> TIPO ID SEMICOLLON
Rule 7     DeclaracaoVariavel -> TIPO ID EQUALS Expressao SEMICOLLON
Rule 8     DeclaracaoFuncao -> TIPO ID LPAREN Parametros RPAREN Bloco
Rule 9     Parametros -> PARAMETER
Rule 10    Parametros -> PARAMETER COMMA Parametros
Rule 11    Parametros -> TIPO ID
Rule 12    Parametros -> TIPO ID LBRACKET RBRACKET
Rule 13    Parametros -> TIPO ID ELLIPSIS ID
Rule 14    Comentario -> COMMENTLINE
Rule 15    Bloco -> LBRACKET Declaracao RBRACKET
Rule 16    DeclaracaoEstrutura -> LBRACKET DeclaracaoVariavel RBRACKET SEMICOLLON
Rule 17    ExpressaoLogica -> ExpressaoRelacional
Rule 18    ExpressaoLogica -> ExpressaoLogica OR ExpressaoRelacional
Rule 19    ExpressaoLogica -> ExpressaoLogica AND ExpressaoRelacional
Rule 20    ExpressaoLogica -> NOT ExpressaoRelacional
Rule 21    ExpressaoRelacional -> ExpressaoAritmetica
Rule 22    ExpressaoRelacional -> ExpressaoAritmetica GREATER ExpressaoAritmetica
Rule 23    ExpressaoRelacional -> ExpressaoAritmetica LESSER ExpressaoAritmetica
Rule 24    ExpressaoRelacional -> ExpressaoAritmetica GREATEREQUAL ExpressaoAritmetica
Rule 25    ExpressaoRelacional -> ExpressaoAritmetica LESSEREQUAL ExpressaoAritmetica
Rule 26    ExpressaoRelacional -> ExpressaoAritmetica NOTEQUAL ExpressaoAritmetica
Rule 27    ExpressaoRelacional -> ExpressaoAritmetica EQUALTO ExpressaoAritmetica
Rule 28    Expressao -> ExpressaoLogica
Rule 29    ExpressaoAritmetica -> ExpressaoMultiplicativa
Rule 30    ExpressaoAritmetica -> ExpressaoAritmetica PLUS ExpressaoMultiplicativa
Rule 31    ExpressaoAritmetica -> ExpressaoAritmetica MINUS ExpressaoMultiplicativa
Rule 32    ExpressaoMultiplicativa -> ExpressaoUnaria
Rule 33    ExpressaoMultiplicativa -> ExpressaoMultiplicativa TIMES ExpressaoUnaria
Rule 34    ExpressaoMultiplicativa -> ExpressaoMultiplicativa DIVIDE ExpressaoUnaria
Rule 35    ExpressaoMultiplicativa -> ExpressaoMultiplicativa MOD ExpressaoUnaria
Rule 36    ExpressaoUnaria -> ExpressaoPostfix
Rule 37    ExpressaoUnaria -> MINUS ExpressaoPostfix
Rule 38    ExpressaoUnaria -> PLUS PLUS ExpressaoPostfix
Rule 39    ExpressaoUnaria -> MINUS MINUS ExpressaoPostfix
Rule 40    ExpressaoPostfix -> Primaria
Rule 41    ExpressaoPostfix -> Primaria LBRACKET Expressao RBRACKET
Rule 42    ExpressaoPostfix -> Primaria LPAREN Argumentos RPAREN
Rule 43    ExpressaoPostfix -> Primaria DOT ID
Rule 44    ExpressaoPostfix -> Primaria ARROW ID
Rule 45    Argumentos -> <empty>
Rule 46    Primaria -> ID
Rule 47    Primaria -> NUM_INT
Rule 48    Primaria -> NUM_DEC
Rule 49    Primaria -> LPAREN Expressao LPAREN

Terminals, with rules where they appear

AND                  : 19
ARROW                : 44
COMMA                : 10
COMMENTBLOCK         : 
COMMENTLINE          : 14
DIVIDE               : 34
DOT                  : 43
ELLIPSIS             : 13
ELSE                 : 
EQUALS               : 7
EQUALTO              : 27
FOR                  : 
GREATER              : 22
GREATEREQUAL         : 24
ID                   : 6 7 8 11 12 13 13 43 44 46
IF                   : 
LBRACKET             : 12 15 16 41
LCURLY               : 
LESSER               : 23
LESSEREQUAL          : 25
LPAREN               : 8 42 49 49
MAIN                 : 
MINUS                : 31 37 39 39
MOD                  : 35
NOT                  : 20
NOTEQUAL             : 26
NUM_DEC              : 48
NUM_INT              : 47
OR                   : 18
PARAMETER            : 9 10
PLUS                 : 30 38 38
PRINTLN              : 
RBRACKET             : 12 15 16 41
RCURLY               : 
RETURN               : 
RPAREN               : 8 42
SCANF                : 
SEMICOLLON           : 6 7 16
TEXTO                : 
TIMES                : 33
TIPO                 : 6 7 8 11 12 13
VOID                 : 
WHILE                : 
error                : 

Nonterminals, with rules where they appear

Argumentos           : 42
Bloco                : 8
Comentario           : 5
Declaracao           : 1 15
DeclaracaoEstrutura  : 4
DeclaracaoFuncao     : 3
DeclaracaoVariavel   : 2 16
Expressao            : 7 41 49
ExpressaoAritmetica  : 21 22 22 23 23 24 24 25 25 26 26 27 27 30 31
ExpressaoLogica      : 18 19 28
ExpressaoMultiplicativa : 29 30 31 33 34 35
ExpressaoPostfix     : 36 37 38 39
ExpressaoRelacional  : 17 18 19 20
ExpressaoUnaria      : 32 33 34 35
Parametros           : 8 10
Primaria             : 40 41 42 43 44
Programa             : 0

Parsing method: LALR

state 0

    (0) S' -> . Programa
    (1) Programa -> . Declaracao
    (2) Declaracao -> . DeclaracaoVariavel
    (3) Declaracao -> . DeclaracaoFuncao
    (4) Declaracao -> . DeclaracaoEstrutura
    (5) Declaracao -> . Comentario
    (6) DeclaracaoVariavel -> . TIPO ID SEMICOLLON
    (7) DeclaracaoVariavel -> . TIPO ID EQUALS Expressao SEMICOLLON
    (8) DeclaracaoFuncao -> . TIPO ID LPAREN Parametros RPAREN Bloco
    (16) DeclaracaoEstrutura -> . LBRACKET DeclaracaoVariavel RBRACKET SEMICOLLON
    (14) Comentario -> . COMMENTLINE

    TIPO            shift and go to state 7
    LBRACKET        shift and go to state 8
    COMMENTLINE     shift and go to state 9

    Programa                       shift and go to state 1
    Declaracao                     shift and go to state 2
    DeclaracaoVariavel             shift and go to state 3
    DeclaracaoFuncao               shift and go to state 4
    DeclaracaoEstrutura            shift and go to state 5
    Comentario                     shift and go to state 6

state 1

    (0) S' -> Programa .



state 2

    (1) Programa -> Declaracao .

    $end            reduce using rule 1 (Programa -> Declaracao .)


state 3

    (2) Declaracao -> DeclaracaoVariavel .

    $end            reduce using rule 2 (Declaracao -> DeclaracaoVariavel .)
    RBRACKET        reduce using rule 2 (Declaracao -> DeclaracaoVariavel .)


state 4

    (3) Declaracao -> DeclaracaoFuncao .

    $end            reduce using rule 3 (Declaracao -> DeclaracaoFuncao .)
    RBRACKET        reduce using rule 3 (Declaracao -> DeclaracaoFuncao .)


state 5

    (4) Declaracao -> DeclaracaoEstrutura .

    $end            reduce using rule 4 (Declaracao -> DeclaracaoEstrutura .)
    RBRACKET        reduce using rule 4 (Declaracao -> DeclaracaoEstrutura .)


state 6

    (5) Declaracao -> Comentario .

    $end            reduce using rule 5 (Declaracao -> Comentario .)
    RBRACKET        reduce using rule 5 (Declaracao -> Comentario .)


state 7

    (6) DeclaracaoVariavel -> TIPO . ID SEMICOLLON
    (7) DeclaracaoVariavel -> TIPO . ID EQUALS Expressao SEMICOLLON
    (8) DeclaracaoFuncao -> TIPO . ID LPAREN Parametros RPAREN Bloco

    ID              shift and go to state 10


state 8

    (16) DeclaracaoEstrutura -> LBRACKET . DeclaracaoVariavel RBRACKET SEMICOLLON
    (6) DeclaracaoVariavel -> . TIPO ID SEMICOLLON
    (7) DeclaracaoVariavel -> . TIPO ID EQUALS Expressao SEMICOLLON

    TIPO            shift and go to state 12

    DeclaracaoVariavel             shift and go to state 11

state 9

    (14) Comentario -> COMMENTLINE .

    $end            reduce using rule 14 (Comentario -> COMMENTLINE .)
    RBRACKET        reduce using rule 14 (Comentario -> COMMENTLINE .)


state 10

    (6) DeclaracaoVariavel -> TIPO ID . SEMICOLLON
    (7) DeclaracaoVariavel -> TIPO ID . EQUALS Expressao SEMICOLLON
    (8) DeclaracaoFuncao -> TIPO ID . LPAREN Parametros RPAREN Bloco

    SEMICOLLON      shift and go to state 13
    EQUALS          shift and go to state 14
    LPAREN          shift and go to state 15


state 11

    (16) DeclaracaoEstrutura -> LBRACKET DeclaracaoVariavel . RBRACKET SEMICOLLON

    RBRACKET        shift and go to state 16


state 12

    (6) DeclaracaoVariavel -> TIPO . ID SEMICOLLON
    (7) DeclaracaoVariavel -> TIPO . ID EQUALS Expressao SEMICOLLON

    ID              shift and go to state 17


state 13

    (6) DeclaracaoVariavel -> TIPO ID SEMICOLLON .

    $end            reduce using rule 6 (DeclaracaoVariavel -> TIPO ID SEMICOLLON .)
    RBRACKET        reduce using rule 6 (DeclaracaoVariavel -> TIPO ID SEMICOLLON .)


state 14

    (7) DeclaracaoVariavel -> TIPO ID EQUALS . Expressao SEMICOLLON
    (28) Expressao -> . ExpressaoLogica
    (17) ExpressaoLogica -> . ExpressaoRelacional
    (18) ExpressaoLogica -> . ExpressaoLogica OR ExpressaoRelacional
    (19) ExpressaoLogica -> . ExpressaoLogica AND ExpressaoRelacional
    (20) ExpressaoLogica -> . NOT ExpressaoRelacional
    (21) ExpressaoRelacional -> . ExpressaoAritmetica
    (22) ExpressaoRelacional -> . ExpressaoAritmetica GREATER ExpressaoAritmetica
    (23) ExpressaoRelacional -> . ExpressaoAritmetica LESSER ExpressaoAritmetica
    (24) ExpressaoRelacional -> . ExpressaoAritmetica GREATEREQUAL ExpressaoAritmetica
    (25) ExpressaoRelacional -> . ExpressaoAritmetica LESSEREQUAL ExpressaoAritmetica
    (26) ExpressaoRelacional -> . ExpressaoAritmetica NOTEQUAL ExpressaoAritmetica
    (27) ExpressaoRelacional -> . ExpressaoAritmetica EQUALTO ExpressaoAritmetica
    (29) ExpressaoAritmetica -> . ExpressaoMultiplicativa
    (30) ExpressaoAritmetica -> . ExpressaoAritmetica PLUS ExpressaoMultiplicativa
    (31) ExpressaoAritmetica -> . ExpressaoAritmetica MINUS ExpressaoMultiplicativa
    (32) ExpressaoMultiplicativa -> . ExpressaoUnaria
    (33) ExpressaoMultiplicativa -> . ExpressaoMultiplicativa TIMES ExpressaoUnaria
    (34) ExpressaoMultiplicativa -> . ExpressaoMultiplicativa DIVIDE ExpressaoUnaria
    (35) ExpressaoMultiplicativa -> . ExpressaoMultiplicativa MOD ExpressaoUnaria
    (36) ExpressaoUnaria -> . ExpressaoPostfix
    (37) ExpressaoUnaria -> . MINUS ExpressaoPostfix
    (38) ExpressaoUnaria -> . PLUS PLUS ExpressaoPostfix
    (39) ExpressaoUnaria -> . MINUS MINUS ExpressaoPostfix
    (40) ExpressaoPostfix -> . Primaria
    (41) ExpressaoPostfix -> . Primaria LBRACKET Expressao RBRACKET
    (42) ExpressaoPostfix -> . Primaria LPAREN Argumentos RPAREN
    (43) ExpressaoPostfix -> . Primaria DOT ID
    (44) ExpressaoPostfix -> . Primaria ARROW ID
    (46) Primaria -> . ID
    (47) Primaria -> . NUM_INT
    (48) Primaria -> . NUM_DEC
    (49) Primaria -> . LPAREN Expressao LPAREN

    NOT             shift and go to state 22
    MINUS           shift and go to state 26
    PLUS            shift and go to state 25
    ID              shift and go to state 18
    NUM_INT         shift and go to state 31
    NUM_DEC         shift and go to state 32
    LPAREN          shift and go to state 30

    Expressao                      shift and go to state 19
    ExpressaoLogica                shift and go to state 20
    ExpressaoRelacional            shift and go to state 21
    ExpressaoAritmetica            shift and go to state 23
    ExpressaoMultiplicativa        shift and go to state 24
    ExpressaoUnaria                shift and go to state 27
    ExpressaoPostfix               shift and go to state 28
    Primaria                       shift and go to state 29

state 15

    (8) DeclaracaoFuncao -> TIPO ID LPAREN . Parametros RPAREN Bloco
    (9) Parametros -> . PARAMETER
    (10) Parametros -> . PARAMETER COMMA Parametros
    (11) Parametros -> . TIPO ID
    (12) Parametros -> . TIPO ID LBRACKET RBRACKET
    (13) Parametros -> . TIPO ID ELLIPSIS ID

    PARAMETER       shift and go to state 35
    TIPO            shift and go to state 33

    Parametros                     shift and go to state 34

state 16

    (16) DeclaracaoEstrutura -> LBRACKET DeclaracaoVariavel RBRACKET . SEMICOLLON

    SEMICOLLON      shift and go to state 36


state 17

    (6) DeclaracaoVariavel -> TIPO ID . SEMICOLLON
    (7) DeclaracaoVariavel -> TIPO ID . EQUALS Expressao SEMICOLLON

    SEMICOLLON      shift and go to state 13
    EQUALS          shift and go to state 14


state 18

    (46) Primaria -> ID .

    LBRACKET        reduce using rule 46 (Primaria -> ID .)
    LPAREN          reduce using rule 46 (Primaria -> ID .)
    DOT             reduce using rule 46 (Primaria -> ID .)
    ARROW           reduce using rule 46 (Primaria -> ID .)
    TIMES           reduce using rule 46 (Primaria -> ID .)
    DIVIDE          reduce using rule 46 (Primaria -> ID .)
    MOD             reduce using rule 46 (Primaria -> ID .)
    GREATER         reduce using rule 46 (Primaria -> ID .)
    LESSER          reduce using rule 46 (Primaria -> ID .)
    GREATEREQUAL    reduce using rule 46 (Primaria -> ID .)
    LESSEREQUAL     reduce using rule 46 (Primaria -> ID .)
    NOTEQUAL        reduce using rule 46 (Primaria -> ID .)
    EQUALTO         reduce using rule 46 (Primaria -> ID .)
    PLUS            reduce using rule 46 (Primaria -> ID .)
    MINUS           reduce using rule 46 (Primaria -> ID .)
    OR              reduce using rule 46 (Primaria -> ID .)
    AND             reduce using rule 46 (Primaria -> ID .)
    SEMICOLLON      reduce using rule 46 (Primaria -> ID .)
    RBRACKET        reduce using rule 46 (Primaria -> ID .)


state 19

    (7) DeclaracaoVariavel -> TIPO ID EQUALS Expressao . SEMICOLLON

    SEMICOLLON      shift and go to state 37


state 20

    (28) Expressao -> ExpressaoLogica .
    (18) ExpressaoLogica -> ExpressaoLogica . OR ExpressaoRelacional
    (19) ExpressaoLogica -> ExpressaoLogica . AND ExpressaoRelacional

    SEMICOLLON      reduce using rule 28 (Expressao -> ExpressaoLogica .)
    LPAREN          reduce using rule 28 (Expressao -> ExpressaoLogica .)
    RBRACKET        reduce using rule 28 (Expressao -> ExpressaoLogica .)
    OR              shift and go to state 38
    AND             shift and go to state 39


state 21

    (17) ExpressaoLogica -> ExpressaoRelacional .

    OR              reduce using rule 17 (ExpressaoLogica -> ExpressaoRelacional .)
    AND             reduce using rule 17 (ExpressaoLogica -> ExpressaoRelacional .)
    SEMICOLLON      reduce using rule 17 (ExpressaoLogica -> ExpressaoRelacional .)
    LPAREN          reduce using rule 17 (ExpressaoLogica -> ExpressaoRelacional .)
    RBRACKET        reduce using rule 17 (ExpressaoLogica -> ExpressaoRelacional .)


state 22

    (20) ExpressaoLogica -> NOT . ExpressaoRelacional
    (21) ExpressaoRelacional -> . ExpressaoAritmetica
    (22) ExpressaoRelacional -> . ExpressaoAritmetica GREATER ExpressaoAritmetica
    (23) ExpressaoRelacional -> . ExpressaoAritmetica LESSER ExpressaoAritmetica
    (24) ExpressaoRelacional -> . ExpressaoAritmetica GREATEREQUAL ExpressaoAritmetica
    (25) ExpressaoRelacional -> . ExpressaoAritmetica LESSEREQUAL ExpressaoAritmetica
    (26) ExpressaoRelacional -> . ExpressaoAritmetica NOTEQUAL ExpressaoAritmetica
    (27) ExpressaoRelacional -> . ExpressaoAritmetica EQUALTO ExpressaoAritmetica
    (29) ExpressaoAritmetica -> . ExpressaoMultiplicativa
    (30) ExpressaoAritmetica -> . ExpressaoAritmetica PLUS ExpressaoMultiplicativa
    (31) ExpressaoAritmetica -> . ExpressaoAritmetica MINUS ExpressaoMultiplicativa
    (32) ExpressaoMultiplicativa -> . ExpressaoUnaria
    (33) ExpressaoMultiplicativa -> . ExpressaoMultiplicativa TIMES ExpressaoUnaria
    (34) ExpressaoMultiplicativa -> . ExpressaoMultiplicativa DIVIDE ExpressaoUnaria
    (35) ExpressaoMultiplicativa -> . ExpressaoMultiplicativa MOD ExpressaoUnaria
    (36) ExpressaoUnaria -> . ExpressaoPostfix
    (37) ExpressaoUnaria -> . MINUS ExpressaoPostfix
    (38) ExpressaoUnaria -> . PLUS PLUS ExpressaoPostfix
    (39) ExpressaoUnaria -> . MINUS MINUS ExpressaoPostfix
    (40) ExpressaoPostfix -> . Primaria
    (41) ExpressaoPostfix -> . Primaria LBRACKET Expressao RBRACKET
    (42) ExpressaoPostfix -> . Primaria LPAREN Argumentos RPAREN
    (43) ExpressaoPostfix -> . Primaria DOT ID
    (44) ExpressaoPostfix -> . Primaria ARROW ID
    (46) Primaria -> . ID
    (47) Primaria -> . NUM_INT
    (48) Primaria -> . NUM_DEC
    (49) Primaria -> . LPAREN Expressao LPAREN

    MINUS           shift and go to state 26
    PLUS            shift and go to state 25
    ID              shift and go to state 18
    NUM_INT         shift and go to state 31
    NUM_DEC         shift and go to state 32
    LPAREN          shift and go to state 30

    ExpressaoRelacional            shift and go to state 40
    ExpressaoAritmetica            shift and go to state 23
    ExpressaoMultiplicativa        shift and go to state 24
    ExpressaoUnaria                shift and go to state 27
    ExpressaoPostfix               shift and go to state 28
    Primaria                       shift and go to state 29

state 23

    (21) ExpressaoRelacional -> ExpressaoAritmetica .
    (22) ExpressaoRelacional -> ExpressaoAritmetica . GREATER ExpressaoAritmetica
    (23) ExpressaoRelacional -> ExpressaoAritmetica . LESSER ExpressaoAritmetica
    (24) ExpressaoRelacional -> ExpressaoAritmetica . GREATEREQUAL ExpressaoAritmetica
    (25) ExpressaoRelacional -> ExpressaoAritmetica . LESSEREQUAL ExpressaoAritmetica
    (26) ExpressaoRelacional -> ExpressaoAritmetica . NOTEQUAL ExpressaoAritmetica
    (27) ExpressaoRelacional -> ExpressaoAritmetica . EQUALTO ExpressaoAritmetica
    (30) ExpressaoAritmetica -> ExpressaoAritmetica . PLUS ExpressaoMultiplicativa
    (31) ExpressaoAritmetica -> ExpressaoAritmetica . MINUS ExpressaoMultiplicativa

    OR              reduce using rule 21 (ExpressaoRelacional -> ExpressaoAritmetica .)
    AND             reduce using rule 21 (ExpressaoRelacional -> ExpressaoAritmetica .)
    SEMICOLLON      reduce using rule 21 (ExpressaoRelacional -> ExpressaoAritmetica .)
    LPAREN          reduce using rule 21 (ExpressaoRelacional -> ExpressaoAritmetica .)
    RBRACKET        reduce using rule 21 (ExpressaoRelacional -> ExpressaoAritmetica .)
    GREATER         shift and go to state 41
    LESSER          shift and go to state 42
    GREATEREQUAL    shift and go to state 43
    LESSEREQUAL     shift and go to state 44
    NOTEQUAL        shift and go to state 45
    EQUALTO         shift and go to state 46
    PLUS            shift and go to state 47
    MINUS           shift and go to state 48


state 24

    (29) ExpressaoAritmetica -> ExpressaoMultiplicativa .
    (33) ExpressaoMultiplicativa -> ExpressaoMultiplicativa . TIMES ExpressaoUnaria
    (34) ExpressaoMultiplicativa -> ExpressaoMultiplicativa . DIVIDE ExpressaoUnaria
    (35) ExpressaoMultiplicativa -> ExpressaoMultiplicativa . MOD ExpressaoUnaria

    GREATER         reduce using rule 29 (ExpressaoAritmetica -> ExpressaoMultiplicativa .)
    LESSER          reduce using rule 29 (ExpressaoAritmetica -> ExpressaoMultiplicativa .)
    GREATEREQUAL    reduce using rule 29 (ExpressaoAritmetica -> ExpressaoMultiplicativa .)
    LESSEREQUAL     reduce using rule 29 (ExpressaoAritmetica -> ExpressaoMultiplicativa .)
    NOTEQUAL        reduce using rule 29 (ExpressaoAritmetica -> ExpressaoMultiplicativa .)
    EQUALTO         reduce using rule 29 (ExpressaoAritmetica -> ExpressaoMultiplicativa .)
    PLUS            reduce using rule 29 (ExpressaoAritmetica -> ExpressaoMultiplicativa .)
    MINUS           reduce using rule 29 (ExpressaoAritmetica -> ExpressaoMultiplicativa .)
    OR              reduce using rule 29 (ExpressaoAritmetica -> ExpressaoMultiplicativa .)
    AND             reduce using rule 29 (ExpressaoAritmetica -> ExpressaoMultiplicativa .)
    SEMICOLLON      reduce using rule 29 (ExpressaoAritmetica -> ExpressaoMultiplicativa .)
    LPAREN          reduce using rule 29 (ExpressaoAritmetica -> ExpressaoMultiplicativa .)
    RBRACKET        reduce using rule 29 (ExpressaoAritmetica -> ExpressaoMultiplicativa .)
    TIMES           shift and go to state 49
    DIVIDE          shift and go to state 50
    MOD             shift and go to state 51


state 25

    (38) ExpressaoUnaria -> PLUS . PLUS ExpressaoPostfix

    PLUS            shift and go to state 52


state 26

    (37) ExpressaoUnaria -> MINUS . ExpressaoPostfix
    (39) ExpressaoUnaria -> MINUS . MINUS ExpressaoPostfix
    (40) ExpressaoPostfix -> . Primaria
    (41) ExpressaoPostfix -> . Primaria LBRACKET Expressao RBRACKET
    (42) ExpressaoPostfix -> . Primaria LPAREN Argumentos RPAREN
    (43) ExpressaoPostfix -> . Primaria DOT ID
    (44) ExpressaoPostfix -> . Primaria ARROW ID
    (46) Primaria -> . ID
    (47) Primaria -> . NUM_INT
    (48) Primaria -> . NUM_DEC
    (49) Primaria -> . LPAREN Expressao LPAREN

    MINUS           shift and go to state 53
    ID              shift and go to state 18
    NUM_INT         shift and go to state 31
    NUM_DEC         shift and go to state 32
    LPAREN          shift and go to state 30

    ExpressaoPostfix               shift and go to state 54
    Primaria                       shift and go to state 29

state 27

    (32) ExpressaoMultiplicativa -> ExpressaoUnaria .

    TIMES           reduce using rule 32 (ExpressaoMultiplicativa -> ExpressaoUnaria .)
    DIVIDE          reduce using rule 32 (ExpressaoMultiplicativa -> ExpressaoUnaria .)
    MOD             reduce using rule 32 (ExpressaoMultiplicativa -> ExpressaoUnaria .)
    GREATER         reduce using rule 32 (ExpressaoMultiplicativa -> ExpressaoUnaria .)
    LESSER          reduce using rule 32 (ExpressaoMultiplicativa -> ExpressaoUnaria .)
    GREATEREQUAL    reduce using rule 32 (ExpressaoMultiplicativa -> ExpressaoUnaria .)
    LESSEREQUAL     reduce using rule 32 (ExpressaoMultiplicativa -> ExpressaoUnaria .)
    NOTEQUAL        reduce using rule 32 (ExpressaoMultiplicativa -> ExpressaoUnaria .)
    EQUALTO         reduce using rule 32 (ExpressaoMultiplicativa -> ExpressaoUnaria .)
    PLUS            reduce using rule 32 (ExpressaoMultiplicativa -> ExpressaoUnaria .)
    MINUS           reduce using rule 32 (ExpressaoMultiplicativa -> ExpressaoUnaria .)
    OR              reduce using rule 32 (ExpressaoMultiplicativa -> ExpressaoUnaria .)
    AND             reduce using rule 32 (ExpressaoMultiplicativa -> ExpressaoUnaria .)
    SEMICOLLON      reduce using rule 32 (ExpressaoMultiplicativa -> ExpressaoUnaria .)
    LPAREN          reduce using rule 32 (ExpressaoMultiplicativa -> ExpressaoUnaria .)
    RBRACKET        reduce using rule 32 (ExpressaoMultiplicativa -> ExpressaoUnaria .)


state 28

    (36) ExpressaoUnaria -> ExpressaoPostfix .

    TIMES           reduce using rule 36 (ExpressaoUnaria -> ExpressaoPostfix .)
    DIVIDE          reduce using rule 36 (ExpressaoUnaria -> ExpressaoPostfix .)
    MOD             reduce using rule 36 (ExpressaoUnaria -> ExpressaoPostfix .)
    GREATER         reduce using rule 36 (ExpressaoUnaria -> ExpressaoPostfix .)
    LESSER          reduce using rule 36 (ExpressaoUnaria -> ExpressaoPostfix .)
    GREATEREQUAL    reduce using rule 36 (ExpressaoUnaria -> ExpressaoPostfix .)
    LESSEREQUAL     reduce using rule 36 (ExpressaoUnaria -> ExpressaoPostfix .)
    NOTEQUAL        reduce using rule 36 (ExpressaoUnaria -> ExpressaoPostfix .)
    EQUALTO         reduce using rule 36 (ExpressaoUnaria -> ExpressaoPostfix .)
    PLUS            reduce using rule 36 (ExpressaoUnaria -> ExpressaoPostfix .)
    MINUS           reduce using rule 36 (ExpressaoUnaria -> ExpressaoPostfix .)
    OR              reduce using rule 36 (ExpressaoUnaria -> ExpressaoPostfix .)
    AND             reduce using rule 36 (ExpressaoUnaria -> ExpressaoPostfix .)
    SEMICOLLON      reduce using rule 36 (ExpressaoUnaria -> ExpressaoPostfix .)
    LPAREN          reduce using rule 36 (ExpressaoUnaria -> ExpressaoPostfix .)
    RBRACKET        reduce using rule 36 (ExpressaoUnaria -> ExpressaoPostfix .)


state 29

    (40) ExpressaoPostfix -> Primaria .
    (41) ExpressaoPostfix -> Primaria . LBRACKET Expressao RBRACKET
    (42) ExpressaoPostfix -> Primaria . LPAREN Argumentos RPAREN
    (43) ExpressaoPostfix -> Primaria . DOT ID
    (44) ExpressaoPostfix -> Primaria . ARROW ID

  ! shift/reduce conflict for LPAREN resolved as shift
    TIMES           reduce using rule 40 (ExpressaoPostfix -> Primaria .)
    DIVIDE          reduce using rule 40 (ExpressaoPostfix -> Primaria .)
    MOD             reduce using rule 40 (ExpressaoPostfix -> Primaria .)
    GREATER         reduce using rule 40 (ExpressaoPostfix -> Primaria .)
    LESSER          reduce using rule 40 (ExpressaoPostfix -> Primaria .)
    GREATEREQUAL    reduce using rule 40 (ExpressaoPostfix -> Primaria .)
    LESSEREQUAL     reduce using rule 40 (ExpressaoPostfix -> Primaria .)
    NOTEQUAL        reduce using rule 40 (ExpressaoPostfix -> Primaria .)
    EQUALTO         reduce using rule 40 (ExpressaoPostfix -> Primaria .)
    PLUS            reduce using rule 40 (ExpressaoPostfix -> Primaria .)
    MINUS           reduce using rule 40 (ExpressaoPostfix -> Primaria .)
    OR              reduce using rule 40 (ExpressaoPostfix -> Primaria .)
    AND             reduce using rule 40 (ExpressaoPostfix -> Primaria .)
    SEMICOLLON      reduce using rule 40 (ExpressaoPostfix -> Primaria .)
    RBRACKET        reduce using rule 40 (ExpressaoPostfix -> Primaria .)
    LBRACKET        shift and go to state 55
    LPAREN          shift and go to state 56
    DOT             shift and go to state 57
    ARROW           shift and go to state 58

  ! LPAREN          [ reduce using rule 40 (ExpressaoPostfix -> Primaria .) ]


state 30

    (49) Primaria -> LPAREN . Expressao LPAREN
    (28) Expressao -> . ExpressaoLogica
    (17) ExpressaoLogica -> . ExpressaoRelacional
    (18) ExpressaoLogica -> . ExpressaoLogica OR ExpressaoRelacional
    (19) ExpressaoLogica -> . ExpressaoLogica AND ExpressaoRelacional
    (20) ExpressaoLogica -> . NOT ExpressaoRelacional
    (21) ExpressaoRelacional -> . ExpressaoAritmetica
    (22) ExpressaoRelacional -> . ExpressaoAritmetica GREATER ExpressaoAritmetica
    (23) ExpressaoRelacional -> . ExpressaoAritmetica LESSER ExpressaoAritmetica
    (24) ExpressaoRelacional -> . ExpressaoAritmetica GREATEREQUAL ExpressaoAritmetica
    (25) ExpressaoRelacional -> . ExpressaoAritmetica LESSEREQUAL ExpressaoAritmetica
    (26) ExpressaoRelacional -> . ExpressaoAritmetica NOTEQUAL ExpressaoAritmetica
    (27) ExpressaoRelacional -> . ExpressaoAritmetica EQUALTO ExpressaoAritmetica
    (29) ExpressaoAritmetica -> . ExpressaoMultiplicativa
    (30) ExpressaoAritmetica -> . ExpressaoAritmetica PLUS ExpressaoMultiplicativa
    (31) ExpressaoAritmetica -> . ExpressaoAritmetica MINUS ExpressaoMultiplicativa
    (32) ExpressaoMultiplicativa -> . ExpressaoUnaria
    (33) ExpressaoMultiplicativa -> . ExpressaoMultiplicativa TIMES ExpressaoUnaria
    (34) ExpressaoMultiplicativa -> . ExpressaoMultiplicativa DIVIDE ExpressaoUnaria
    (35) ExpressaoMultiplicativa -> . ExpressaoMultiplicativa MOD ExpressaoUnaria
    (36) ExpressaoUnaria -> . ExpressaoPostfix
    (37) ExpressaoUnaria -> . MINUS ExpressaoPostfix
    (38) ExpressaoUnaria -> . PLUS PLUS ExpressaoPostfix
    (39) ExpressaoUnaria -> . MINUS MINUS ExpressaoPostfix
    (40) ExpressaoPostfix -> . Primaria
    (41) ExpressaoPostfix -> . Primaria LBRACKET Expressao RBRACKET
    (42) ExpressaoPostfix -> . Primaria LPAREN Argumentos RPAREN
    (43) ExpressaoPostfix -> . Primaria DOT ID
    (44) ExpressaoPostfix -> . Primaria ARROW ID
    (46) Primaria -> . ID
    (47) Primaria -> . NUM_INT
    (48) Primaria -> . NUM_DEC
    (49) Primaria -> . LPAREN Expressao LPAREN

    NOT             shift and go to state 22
    MINUS           shift and go to state 26
    PLUS            shift and go to state 25
    ID              shift and go to state 18
    NUM_INT         shift and go to state 31
    NUM_DEC         shift and go to state 32
    LPAREN          shift and go to state 30

    Expressao                      shift and go to state 59
    ExpressaoLogica                shift and go to state 20
    ExpressaoRelacional            shift and go to state 21
    ExpressaoAritmetica            shift and go to state 23
    ExpressaoMultiplicativa        shift and go to state 24
    ExpressaoUnaria                shift and go to state 27
    ExpressaoPostfix               shift and go to state 28
    Primaria                       shift and go to state 29

state 31

    (47) Primaria -> NUM_INT .

    LBRACKET        reduce using rule 47 (Primaria -> NUM_INT .)
    LPAREN          reduce using rule 47 (Primaria -> NUM_INT .)
    DOT             reduce using rule 47 (Primaria -> NUM_INT .)
    ARROW           reduce using rule 47 (Primaria -> NUM_INT .)
    TIMES           reduce using rule 47 (Primaria -> NUM_INT .)
    DIVIDE          reduce using rule 47 (Primaria -> NUM_INT .)
    MOD             reduce using rule 47 (Primaria -> NUM_INT .)
    GREATER         reduce using rule 47 (Primaria -> NUM_INT .)
    LESSER          reduce using rule 47 (Primaria -> NUM_INT .)
    GREATEREQUAL    reduce using rule 47 (Primaria -> NUM_INT .)
    LESSEREQUAL     reduce using rule 47 (Primaria -> NUM_INT .)
    NOTEQUAL        reduce using rule 47 (Primaria -> NUM_INT .)
    EQUALTO         reduce using rule 47 (Primaria -> NUM_INT .)
    PLUS            reduce using rule 47 (Primaria -> NUM_INT .)
    MINUS           reduce using rule 47 (Primaria -> NUM_INT .)
    OR              reduce using rule 47 (Primaria -> NUM_INT .)
    AND             reduce using rule 47 (Primaria -> NUM_INT .)
    SEMICOLLON      reduce using rule 47 (Primaria -> NUM_INT .)
    RBRACKET        reduce using rule 47 (Primaria -> NUM_INT .)


state 32

    (48) Primaria -> NUM_DEC .

    LBRACKET        reduce using rule 48 (Primaria -> NUM_DEC .)
    LPAREN          reduce using rule 48 (Primaria -> NUM_DEC .)
    DOT             reduce using rule 48 (Primaria -> NUM_DEC .)
    ARROW           reduce using rule 48 (Primaria -> NUM_DEC .)
    TIMES           reduce using rule 48 (Primaria -> NUM_DEC .)
    DIVIDE          reduce using rule 48 (Primaria -> NUM_DEC .)
    MOD             reduce using rule 48 (Primaria -> NUM_DEC .)
    GREATER         reduce using rule 48 (Primaria -> NUM_DEC .)
    LESSER          reduce using rule 48 (Primaria -> NUM_DEC .)
    GREATEREQUAL    reduce using rule 48 (Primaria -> NUM_DEC .)
    LESSEREQUAL     reduce using rule 48 (Primaria -> NUM_DEC .)
    NOTEQUAL        reduce using rule 48 (Primaria -> NUM_DEC .)
    EQUALTO         reduce using rule 48 (Primaria -> NUM_DEC .)
    PLUS            reduce using rule 48 (Primaria -> NUM_DEC .)
    MINUS           reduce using rule 48 (Primaria -> NUM_DEC .)
    OR              reduce using rule 48 (Primaria -> NUM_DEC .)
    AND             reduce using rule 48 (Primaria -> NUM_DEC .)
    SEMICOLLON      reduce using rule 48 (Primaria -> NUM_DEC .)
    RBRACKET        reduce using rule 48 (Primaria -> NUM_DEC .)


state 33

    (11) Parametros -> TIPO . ID
    (12) Parametros -> TIPO . ID LBRACKET RBRACKET
    (13) Parametros -> TIPO . ID ELLIPSIS ID

    ID              shift and go to state 60


state 34

    (8) DeclaracaoFuncao -> TIPO ID LPAREN Parametros . RPAREN Bloco

    RPAREN          shift and go to state 61


state 35

    (9) Parametros -> PARAMETER .
    (10) Parametros -> PARAMETER . COMMA Parametros

    RPAREN          reduce using rule 9 (Parametros -> PARAMETER .)
    COMMA           shift and go to state 62


state 36

    (16) DeclaracaoEstrutura -> LBRACKET DeclaracaoVariavel RBRACKET SEMICOLLON .

    $end            reduce using rule 16 (DeclaracaoEstrutura -> LBRACKET DeclaracaoVariavel RBRACKET SEMICOLLON .)
    RBRACKET        reduce using rule 16 (DeclaracaoEstrutura -> LBRACKET DeclaracaoVariavel RBRACKET SEMICOLLON .)


state 37

    (7) DeclaracaoVariavel -> TIPO ID EQUALS Expressao SEMICOLLON .

    $end            reduce using rule 7 (DeclaracaoVariavel -> TIPO ID EQUALS Expressao SEMICOLLON .)
    RBRACKET        reduce using rule 7 (DeclaracaoVariavel -> TIPO ID EQUALS Expressao SEMICOLLON .)


state 38

    (18) ExpressaoLogica -> ExpressaoLogica OR . ExpressaoRelacional
    (21) ExpressaoRelacional -> . ExpressaoAritmetica
    (22) ExpressaoRelacional -> . ExpressaoAritmetica GREATER ExpressaoAritmetica
    (23) ExpressaoRelacional -> . ExpressaoAritmetica LESSER ExpressaoAritmetica
    (24) ExpressaoRelacional -> . ExpressaoAritmetica GREATEREQUAL ExpressaoAritmetica
    (25) ExpressaoRelacional -> . ExpressaoAritmetica LESSEREQUAL ExpressaoAritmetica
    (26) ExpressaoRelacional -> . ExpressaoAritmetica NOTEQUAL ExpressaoAritmetica
    (27) ExpressaoRelacional -> . ExpressaoAritmetica EQUALTO ExpressaoAritmetica
    (29) ExpressaoAritmetica -> . ExpressaoMultiplicativa
    (30) ExpressaoAritmetica -> . ExpressaoAritmetica PLUS ExpressaoMultiplicativa
    (31) ExpressaoAritmetica -> . ExpressaoAritmetica MINUS ExpressaoMultiplicativa
    (32) ExpressaoMultiplicativa -> . ExpressaoUnaria
    (33) ExpressaoMultiplicativa -> . ExpressaoMultiplicativa TIMES ExpressaoUnaria
    (34) ExpressaoMultiplicativa -> . ExpressaoMultiplicativa DIVIDE ExpressaoUnaria
    (35) ExpressaoMultiplicativa -> . ExpressaoMultiplicativa MOD ExpressaoUnaria
    (36) ExpressaoUnaria -> . ExpressaoPostfix
    (37) ExpressaoUnaria -> . MINUS ExpressaoPostfix
    (38) ExpressaoUnaria -> . PLUS PLUS ExpressaoPostfix
    (39) ExpressaoUnaria -> . MINUS MINUS ExpressaoPostfix
    (40) ExpressaoPostfix -> . Primaria
    (41) ExpressaoPostfix -> . Primaria LBRACKET Expressao RBRACKET
    (42) ExpressaoPostfix -> . Primaria LPAREN Argumentos RPAREN
    (43) ExpressaoPostfix -> . Primaria DOT ID
    (44) ExpressaoPostfix -> . Primaria ARROW ID
    (46) Primaria -> . ID
    (47) Primaria -> . NUM_INT
    (48) Primaria -> . NUM_DEC
    (49) Primaria -> . LPAREN Expressao LPAREN

    MINUS           shift and go to state 26
    PLUS            shift and go to state 25
    ID              shift and go to state 18
    NUM_INT         shift and go to state 31
    NUM_DEC         shift and go to state 32
    LPAREN          shift and go to state 30

    ExpressaoRelacional            shift and go to state 63
    ExpressaoAritmetica            shift and go to state 23
    ExpressaoMultiplicativa        shift and go to state 24
    ExpressaoUnaria                shift and go to state 27
    ExpressaoPostfix               shift and go to state 28
    Primaria                       shift and go to state 29

state 39

    (19) ExpressaoLogica -> ExpressaoLogica AND . ExpressaoRelacional
    (21) ExpressaoRelacional -> . ExpressaoAritmetica
    (22) ExpressaoRelacional -> . ExpressaoAritmetica GREATER ExpressaoAritmetica
    (23) ExpressaoRelacional -> . ExpressaoAritmetica LESSER ExpressaoAritmetica
    (24) ExpressaoRelacional -> . ExpressaoAritmetica GREATEREQUAL ExpressaoAritmetica
    (25) ExpressaoRelacional -> . ExpressaoAritmetica LESSEREQUAL ExpressaoAritmetica
    (26) ExpressaoRelacional -> . ExpressaoAritmetica NOTEQUAL ExpressaoAritmetica
    (27) ExpressaoRelacional -> . ExpressaoAritmetica EQUALTO ExpressaoAritmetica
    (29) ExpressaoAritmetica -> . ExpressaoMultiplicativa
    (30) ExpressaoAritmetica -> . ExpressaoAritmetica PLUS ExpressaoMultiplicativa
    (31) ExpressaoAritmetica -> . ExpressaoAritmetica MINUS ExpressaoMultiplicativa
    (32) ExpressaoMultiplicativa -> . ExpressaoUnaria
    (33) ExpressaoMultiplicativa -> . ExpressaoMultiplicativa TIMES ExpressaoUnaria
    (34) ExpressaoMultiplicativa -> . ExpressaoMultiplicativa DIVIDE ExpressaoUnaria
    (35) ExpressaoMultiplicativa -> . ExpressaoMultiplicativa MOD ExpressaoUnaria
    (36) ExpressaoUnaria -> . ExpressaoPostfix
    (37) ExpressaoUnaria -> . MINUS ExpressaoPostfix
    (38) ExpressaoUnaria -> . PLUS PLUS ExpressaoPostfix
    (39) ExpressaoUnaria -> . MINUS MINUS ExpressaoPostfix
    (40) ExpressaoPostfix -> . Primaria
    (41) ExpressaoPostfix -> . Primaria LBRACKET Expressao RBRACKET
    (42) ExpressaoPostfix -> . Primaria LPAREN Argumentos RPAREN
    (43) ExpressaoPostfix -> . Primaria DOT ID
    (44) ExpressaoPostfix -> . Primaria ARROW ID
    (46) Primaria -> . ID
    (47) Primaria -> . NUM_INT
    (48) Primaria -> . NUM_DEC
    (49) Primaria -> . LPAREN Expressao LPAREN

    MINUS           shift and go to state 26
    PLUS            shift and go to state 25
    ID              shift and go to state 18
    NUM_INT         shift and go to state 31
    NUM_DEC         shift and go to state 32
    LPAREN          shift and go to state 30

    ExpressaoRelacional            shift and go to state 64
    ExpressaoAritmetica            shift and go to state 23
    ExpressaoMultiplicativa        shift and go to state 24
    ExpressaoUnaria                shift and go to state 27
    ExpressaoPostfix               shift and go to state 28
    Primaria                       shift and go to state 29

state 40

    (20) ExpressaoLogica -> NOT ExpressaoRelacional .

    OR              reduce using rule 20 (ExpressaoLogica -> NOT ExpressaoRelacional .)
    AND             reduce using rule 20 (ExpressaoLogica -> NOT ExpressaoRelacional .)
    SEMICOLLON      reduce using rule 20 (ExpressaoLogica -> NOT ExpressaoRelacional .)
    LPAREN          reduce using rule 20 (ExpressaoLogica -> NOT ExpressaoRelacional .)
    RBRACKET        reduce using rule 20 (ExpressaoLogica -> NOT ExpressaoRelacional .)


state 41

    (22) ExpressaoRelacional -> ExpressaoAritmetica GREATER . ExpressaoAritmetica
    (29) ExpressaoAritmetica -> . ExpressaoMultiplicativa
    (30) ExpressaoAritmetica -> . ExpressaoAritmetica PLUS ExpressaoMultiplicativa
    (31) ExpressaoAritmetica -> . ExpressaoAritmetica MINUS ExpressaoMultiplicativa
    (32) ExpressaoMultiplicativa -> . ExpressaoUnaria
    (33) ExpressaoMultiplicativa -> . ExpressaoMultiplicativa TIMES ExpressaoUnaria
    (34) ExpressaoMultiplicativa -> . ExpressaoMultiplicativa DIVIDE ExpressaoUnaria
    (35) ExpressaoMultiplicativa -> . ExpressaoMultiplicativa MOD ExpressaoUnaria
    (36) ExpressaoUnaria -> . ExpressaoPostfix
    (37) ExpressaoUnaria -> . MINUS ExpressaoPostfix
    (38) ExpressaoUnaria -> . PLUS PLUS ExpressaoPostfix
    (39) ExpressaoUnaria -> . MINUS MINUS ExpressaoPostfix
    (40) ExpressaoPostfix -> . Primaria
    (41) ExpressaoPostfix -> . Primaria LBRACKET Expressao RBRACKET
    (42) ExpressaoPostfix -> . Primaria LPAREN Argumentos RPAREN
    (43) ExpressaoPostfix -> . Primaria DOT ID
    (44) ExpressaoPostfix -> . Primaria ARROW ID
    (46) Primaria -> . ID
    (47) Primaria -> . NUM_INT
    (48) Primaria -> . NUM_DEC
    (49) Primaria -> . LPAREN Expressao LPAREN

    MINUS           shift and go to state 26
    PLUS            shift and go to state 25
    ID              shift and go to state 18
    NUM_INT         shift and go to state 31
    NUM_DEC         shift and go to state 32
    LPAREN          shift and go to state 30

    ExpressaoAritmetica            shift and go to state 65
    ExpressaoMultiplicativa        shift and go to state 24
    ExpressaoUnaria                shift and go to state 27
    ExpressaoPostfix               shift and go to state 28
    Primaria                       shift and go to state 29

state 42

    (23) ExpressaoRelacional -> ExpressaoAritmetica LESSER . ExpressaoAritmetica
    (29) ExpressaoAritmetica -> . ExpressaoMultiplicativa
    (30) ExpressaoAritmetica -> . ExpressaoAritmetica PLUS ExpressaoMultiplicativa
    (31) ExpressaoAritmetica -> . ExpressaoAritmetica MINUS ExpressaoMultiplicativa
    (32) ExpressaoMultiplicativa -> . ExpressaoUnaria
    (33) ExpressaoMultiplicativa -> . ExpressaoMultiplicativa TIMES ExpressaoUnaria
    (34) ExpressaoMultiplicativa -> . ExpressaoMultiplicativa DIVIDE ExpressaoUnaria
    (35) ExpressaoMultiplicativa -> . ExpressaoMultiplicativa MOD ExpressaoUnaria
    (36) ExpressaoUnaria -> . ExpressaoPostfix
    (37) ExpressaoUnaria -> . MINUS ExpressaoPostfix
    (38) ExpressaoUnaria -> . PLUS PLUS ExpressaoPostfix
    (39) ExpressaoUnaria -> . MINUS MINUS ExpressaoPostfix
    (40) ExpressaoPostfix -> . Primaria
    (41) ExpressaoPostfix -> . Primaria LBRACKET Expressao RBRACKET
    (42) ExpressaoPostfix -> . Primaria LPAREN Argumentos RPAREN
    (43) ExpressaoPostfix -> . Primaria DOT ID
    (44) ExpressaoPostfix -> . Primaria ARROW ID
    (46) Primaria -> . ID
    (47) Primaria -> . NUM_INT
    (48) Primaria -> . NUM_DEC
    (49) Primaria -> . LPAREN Expressao LPAREN

    MINUS           shift and go to state 26
    PLUS            shift and go to state 25
    ID              shift and go to state 18
    NUM_INT         shift and go to state 31
    NUM_DEC         shift and go to state 32
    LPAREN          shift and go to state 30

    ExpressaoAritmetica            shift and go to state 66
    ExpressaoMultiplicativa        shift and go to state 24
    ExpressaoUnaria                shift and go to state 27
    ExpressaoPostfix               shift and go to state 28
    Primaria                       shift and go to state 29

state 43

    (24) ExpressaoRelacional -> ExpressaoAritmetica GREATEREQUAL . ExpressaoAritmetica
    (29) ExpressaoAritmetica -> . ExpressaoMultiplicativa
    (30) ExpressaoAritmetica -> . ExpressaoAritmetica PLUS ExpressaoMultiplicativa
    (31) ExpressaoAritmetica -> . ExpressaoAritmetica MINUS ExpressaoMultiplicativa
    (32) ExpressaoMultiplicativa -> . ExpressaoUnaria
    (33) ExpressaoMultiplicativa -> . ExpressaoMultiplicativa TIMES ExpressaoUnaria
    (34) ExpressaoMultiplicativa -> . ExpressaoMultiplicativa DIVIDE ExpressaoUnaria
    (35) ExpressaoMultiplicativa -> . ExpressaoMultiplicativa MOD ExpressaoUnaria
    (36) ExpressaoUnaria -> . ExpressaoPostfix
    (37) ExpressaoUnaria -> . MINUS ExpressaoPostfix
    (38) ExpressaoUnaria -> . PLUS PLUS ExpressaoPostfix
    (39) ExpressaoUnaria -> . MINUS MINUS ExpressaoPostfix
    (40) ExpressaoPostfix -> . Primaria
    (41) ExpressaoPostfix -> . Primaria LBRACKET Expressao RBRACKET
    (42) ExpressaoPostfix -> . Primaria LPAREN Argumentos RPAREN
    (43) ExpressaoPostfix -> . Primaria DOT ID
    (44) ExpressaoPostfix -> . Primaria ARROW ID
    (46) Primaria -> . ID
    (47) Primaria -> . NUM_INT
    (48) Primaria -> . NUM_DEC
    (49) Primaria -> . LPAREN Expressao LPAREN

    MINUS           shift and go to state 26
    PLUS            shift and go to state 25
    ID              shift and go to state 18
    NUM_INT         shift and go to state 31
    NUM_DEC         shift and go to state 32
    LPAREN          shift and go to state 30

    ExpressaoAritmetica            shift and go to state 67
    ExpressaoMultiplicativa        shift and go to state 24
    ExpressaoUnaria                shift and go to state 27
    ExpressaoPostfix               shift and go to state 28
    Primaria                       shift and go to state 29

state 44

    (25) ExpressaoRelacional -> ExpressaoAritmetica LESSEREQUAL . ExpressaoAritmetica
    (29) ExpressaoAritmetica -> . ExpressaoMultiplicativa
    (30) ExpressaoAritmetica -> . ExpressaoAritmetica PLUS ExpressaoMultiplicativa
    (31) ExpressaoAritmetica -> . ExpressaoAritmetica MINUS ExpressaoMultiplicativa
    (32) ExpressaoMultiplicativa -> . ExpressaoUnaria
    (33) ExpressaoMultiplicativa -> . ExpressaoMultiplicativa TIMES ExpressaoUnaria
    (34) ExpressaoMultiplicativa -> . ExpressaoMultiplicativa DIVIDE ExpressaoUnaria
    (35) ExpressaoMultiplicativa -> . ExpressaoMultiplicativa MOD ExpressaoUnaria
    (36) ExpressaoUnaria -> . ExpressaoPostfix
    (37) ExpressaoUnaria -> . MINUS ExpressaoPostfix
    (38) ExpressaoUnaria -> . PLUS PLUS ExpressaoPostfix
    (39) ExpressaoUnaria -> . MINUS MINUS ExpressaoPostfix
    (40) ExpressaoPostfix -> . Primaria
    (41) ExpressaoPostfix -> . Primaria LBRACKET Expressao RBRACKET
    (42) ExpressaoPostfix -> . Primaria LPAREN Argumentos RPAREN
    (43) ExpressaoPostfix -> . Primaria DOT ID
    (44) ExpressaoPostfix -> . Primaria ARROW ID
    (46) Primaria -> . ID
    (47) Primaria -> . NUM_INT
    (48) Primaria -> . NUM_DEC
    (49) Primaria -> . LPAREN Expressao LPAREN

    MINUS           shift and go to state 26
    PLUS            shift and go to state 25
    ID              shift and go to state 18
    NUM_INT         shift and go to state 31
    NUM_DEC         shift and go to state 32
    LPAREN          shift and go to state 30

    ExpressaoAritmetica            shift and go to state 68
    ExpressaoMultiplicativa        shift and go to state 24
    ExpressaoUnaria                shift and go to state 27
    ExpressaoPostfix               shift and go to state 28
    Primaria                       shift and go to state 29

state 45

    (26) ExpressaoRelacional -> ExpressaoAritmetica NOTEQUAL . ExpressaoAritmetica
    (29) ExpressaoAritmetica -> . ExpressaoMultiplicativa
    (30) ExpressaoAritmetica -> . ExpressaoAritmetica PLUS ExpressaoMultiplicativa
    (31) ExpressaoAritmetica -> . ExpressaoAritmetica MINUS ExpressaoMultiplicativa
    (32) ExpressaoMultiplicativa -> . ExpressaoUnaria
    (33) ExpressaoMultiplicativa -> . ExpressaoMultiplicativa TIMES ExpressaoUnaria
    (34) ExpressaoMultiplicativa -> . ExpressaoMultiplicativa DIVIDE ExpressaoUnaria
    (35) ExpressaoMultiplicativa -> . ExpressaoMultiplicativa MOD ExpressaoUnaria
    (36) ExpressaoUnaria -> . ExpressaoPostfix
    (37) ExpressaoUnaria -> . MINUS ExpressaoPostfix
    (38) ExpressaoUnaria -> . PLUS PLUS ExpressaoPostfix
    (39) ExpressaoUnaria -> . MINUS MINUS ExpressaoPostfix
    (40) ExpressaoPostfix -> . Primaria
    (41) ExpressaoPostfix -> . Primaria LBRACKET Expressao RBRACKET
    (42) ExpressaoPostfix -> . Primaria LPAREN Argumentos RPAREN
    (43) ExpressaoPostfix -> . Primaria DOT ID
    (44) ExpressaoPostfix -> . Primaria ARROW ID
    (46) Primaria -> . ID
    (47) Primaria -> . NUM_INT
    (48) Primaria -> . NUM_DEC
    (49) Primaria -> . LPAREN Expressao LPAREN

    MINUS           shift and go to state 26
    PLUS            shift and go to state 25
    ID              shift and go to state 18
    NUM_INT         shift and go to state 31
    NUM_DEC         shift and go to state 32
    LPAREN          shift and go to state 30

    ExpressaoAritmetica            shift and go to state 69
    ExpressaoMultiplicativa        shift and go to state 24
    ExpressaoUnaria                shift and go to state 27
    ExpressaoPostfix               shift and go to state 28
    Primaria                       shift and go to state 29

state 46

    (27) ExpressaoRelacional -> ExpressaoAritmetica EQUALTO . ExpressaoAritmetica
    (29) ExpressaoAritmetica -> . ExpressaoMultiplicativa
    (30) ExpressaoAritmetica -> . ExpressaoAritmetica PLUS ExpressaoMultiplicativa
    (31) ExpressaoAritmetica -> . ExpressaoAritmetica MINUS ExpressaoMultiplicativa
    (32) ExpressaoMultiplicativa -> . ExpressaoUnaria
    (33) ExpressaoMultiplicativa -> . ExpressaoMultiplicativa TIMES ExpressaoUnaria
    (34) ExpressaoMultiplicativa -> . ExpressaoMultiplicativa DIVIDE ExpressaoUnaria
    (35) ExpressaoMultiplicativa -> . ExpressaoMultiplicativa MOD ExpressaoUnaria
    (36) ExpressaoUnaria -> . ExpressaoPostfix
    (37) ExpressaoUnaria -> . MINUS ExpressaoPostfix
    (38) ExpressaoUnaria -> . PLUS PLUS ExpressaoPostfix
    (39) ExpressaoUnaria -> . MINUS MINUS ExpressaoPostfix
    (40) ExpressaoPostfix -> . Primaria
    (41) ExpressaoPostfix -> . Primaria LBRACKET Expressao RBRACKET
    (42) ExpressaoPostfix -> . Primaria LPAREN Argumentos RPAREN
    (43) ExpressaoPostfix -> . Primaria DOT ID
    (44) ExpressaoPostfix -> . Primaria ARROW ID
    (46) Primaria -> . ID
    (47) Primaria -> . NUM_INT
    (48) Primaria -> . NUM_DEC
    (49) Primaria -> . LPAREN Expressao LPAREN

    MINUS           shift and go to state 26
    PLUS            shift and go to state 25
    ID              shift and go to state 18
    NUM_INT         shift and go to state 31
    NUM_DEC         shift and go to state 32
    LPAREN          shift and go to state 30

    ExpressaoAritmetica            shift and go to state 70
    ExpressaoMultiplicativa        shift and go to state 24
    ExpressaoUnaria                shift and go to state 27
    ExpressaoPostfix               shift and go to state 28
    Primaria                       shift and go to state 29

state 47

    (30) ExpressaoAritmetica -> ExpressaoAritmetica PLUS . ExpressaoMultiplicativa
    (32) ExpressaoMultiplicativa -> . ExpressaoUnaria
    (33) ExpressaoMultiplicativa -> . ExpressaoMultiplicativa TIMES ExpressaoUnaria
    (34) ExpressaoMultiplicativa -> . ExpressaoMultiplicativa DIVIDE ExpressaoUnaria
    (35) ExpressaoMultiplicativa -> . ExpressaoMultiplicativa MOD ExpressaoUnaria
    (36) ExpressaoUnaria -> . ExpressaoPostfix
    (37) ExpressaoUnaria -> . MINUS ExpressaoPostfix
    (38) ExpressaoUnaria -> . PLUS PLUS ExpressaoPostfix
    (39) ExpressaoUnaria -> . MINUS MINUS ExpressaoPostfix
    (40) ExpressaoPostfix -> . Primaria
    (41) ExpressaoPostfix -> . Primaria LBRACKET Expressao RBRACKET
    (42) ExpressaoPostfix -> . Primaria LPAREN Argumentos RPAREN
    (43) ExpressaoPostfix -> . Primaria DOT ID
    (44) ExpressaoPostfix -> . Primaria ARROW ID
    (46) Primaria -> . ID
    (47) Primaria -> . NUM_INT
    (48) Primaria -> . NUM_DEC
    (49) Primaria -> . LPAREN Expressao LPAREN

    MINUS           shift and go to state 26
    PLUS            shift and go to state 25
    ID              shift and go to state 18
    NUM_INT         shift and go to state 31
    NUM_DEC         shift and go to state 32
    LPAREN          shift and go to state 30

    ExpressaoMultiplicativa        shift and go to state 71
    ExpressaoUnaria                shift and go to state 27
    ExpressaoPostfix               shift and go to state 28
    Primaria                       shift and go to state 29

state 48

    (31) ExpressaoAritmetica -> ExpressaoAritmetica MINUS . ExpressaoMultiplicativa
    (32) ExpressaoMultiplicativa -> . ExpressaoUnaria
    (33) ExpressaoMultiplicativa -> . ExpressaoMultiplicativa TIMES ExpressaoUnaria
    (34) ExpressaoMultiplicativa -> . ExpressaoMultiplicativa DIVIDE ExpressaoUnaria
    (35) ExpressaoMultiplicativa -> . ExpressaoMultiplicativa MOD ExpressaoUnaria
    (36) ExpressaoUnaria -> . ExpressaoPostfix
    (37) ExpressaoUnaria -> . MINUS ExpressaoPostfix
    (38) ExpressaoUnaria -> . PLUS PLUS ExpressaoPostfix
    (39) ExpressaoUnaria -> . MINUS MINUS ExpressaoPostfix
    (40) ExpressaoPostfix -> . Primaria
    (41) ExpressaoPostfix -> . Primaria LBRACKET Expressao RBRACKET
    (42) ExpressaoPostfix -> . Primaria LPAREN Argumentos RPAREN
    (43) ExpressaoPostfix -> . Primaria DOT ID
    (44) ExpressaoPostfix -> . Primaria ARROW ID
    (46) Primaria -> . ID
    (47) Primaria -> . NUM_INT
    (48) Primaria -> . NUM_DEC
    (49) Primaria -> . LPAREN Expressao LPAREN

    MINUS           shift and go to state 26
    PLUS            shift and go to state 25
    ID              shift and go to state 18
    NUM_INT         shift and go to state 31
    NUM_DEC         shift and go to state 32
    LPAREN          shift and go to state 30

    ExpressaoMultiplicativa        shift and go to state 72
    ExpressaoUnaria                shift and go to state 27
    ExpressaoPostfix               shift and go to state 28
    Primaria                       shift and go to state 29

state 49

    (33) ExpressaoMultiplicativa -> ExpressaoMultiplicativa TIMES . ExpressaoUnaria
    (36) ExpressaoUnaria -> . ExpressaoPostfix
    (37) ExpressaoUnaria -> . MINUS ExpressaoPostfix
    (38) ExpressaoUnaria -> . PLUS PLUS ExpressaoPostfix
    (39) ExpressaoUnaria -> . MINUS MINUS ExpressaoPostfix
    (40) ExpressaoPostfix -> . Primaria
    (41) ExpressaoPostfix -> . Primaria LBRACKET Expressao RBRACKET
    (42) ExpressaoPostfix -> . Primaria LPAREN Argumentos RPAREN
    (43) ExpressaoPostfix -> . Primaria DOT ID
    (44) ExpressaoPostfix -> . Primaria ARROW ID
    (46) Primaria -> . ID
    (47) Primaria -> . NUM_INT
    (48) Primaria -> . NUM_DEC
    (49) Primaria -> . LPAREN Expressao LPAREN

    MINUS           shift and go to state 26
    PLUS            shift and go to state 25
    ID              shift and go to state 18
    NUM_INT         shift and go to state 31
    NUM_DEC         shift and go to state 32
    LPAREN          shift and go to state 30

    ExpressaoUnaria                shift and go to state 73
    ExpressaoPostfix               shift and go to state 28
    Primaria                       shift and go to state 29

state 50

    (34) ExpressaoMultiplicativa -> ExpressaoMultiplicativa DIVIDE . ExpressaoUnaria
    (36) ExpressaoUnaria -> . ExpressaoPostfix
    (37) ExpressaoUnaria -> . MINUS ExpressaoPostfix
    (38) ExpressaoUnaria -> . PLUS PLUS ExpressaoPostfix
    (39) ExpressaoUnaria -> . MINUS MINUS ExpressaoPostfix
    (40) ExpressaoPostfix -> . Primaria
    (41) ExpressaoPostfix -> . Primaria LBRACKET Expressao RBRACKET
    (42) ExpressaoPostfix -> . Primaria LPAREN Argumentos RPAREN
    (43) ExpressaoPostfix -> . Primaria DOT ID
    (44) ExpressaoPostfix -> . Primaria ARROW ID
    (46) Primaria -> . ID
    (47) Primaria -> . NUM_INT
    (48) Primaria -> . NUM_DEC
    (49) Primaria -> . LPAREN Expressao LPAREN

    MINUS           shift and go to state 26
    PLUS            shift and go to state 25
    ID              shift and go to state 18
    NUM_INT         shift and go to state 31
    NUM_DEC         shift and go to state 32
    LPAREN          shift and go to state 30

    ExpressaoUnaria                shift and go to state 74
    ExpressaoPostfix               shift and go to state 28
    Primaria                       shift and go to state 29

state 51

    (35) ExpressaoMultiplicativa -> ExpressaoMultiplicativa MOD . ExpressaoUnaria
    (36) ExpressaoUnaria -> . ExpressaoPostfix
    (37) ExpressaoUnaria -> . MINUS ExpressaoPostfix
    (38) ExpressaoUnaria -> . PLUS PLUS ExpressaoPostfix
    (39) ExpressaoUnaria -> . MINUS MINUS ExpressaoPostfix
    (40) ExpressaoPostfix -> . Primaria
    (41) ExpressaoPostfix -> . Primaria LBRACKET Expressao RBRACKET
    (42) ExpressaoPostfix -> . Primaria LPAREN Argumentos RPAREN
    (43) ExpressaoPostfix -> . Primaria DOT ID
    (44) ExpressaoPostfix -> . Primaria ARROW ID
    (46) Primaria -> . ID
    (47) Primaria -> . NUM_INT
    (48) Primaria -> . NUM_DEC
    (49) Primaria -> . LPAREN Expressao LPAREN

    MINUS           shift and go to state 26
    PLUS            shift and go to state 25
    ID              shift and go to state 18
    NUM_INT         shift and go to state 31
    NUM_DEC         shift and go to state 32
    LPAREN          shift and go to state 30

    ExpressaoUnaria                shift and go to state 75
    ExpressaoPostfix               shift and go to state 28
    Primaria                       shift and go to state 29

state 52

    (38) ExpressaoUnaria -> PLUS PLUS . ExpressaoPostfix
    (40) ExpressaoPostfix -> . Primaria
    (41) ExpressaoPostfix -> . Primaria LBRACKET Expressao RBRACKET
    (42) ExpressaoPostfix -> . Primaria LPAREN Argumentos RPAREN
    (43) ExpressaoPostfix -> . Primaria DOT ID
    (44) ExpressaoPostfix -> . Primaria ARROW ID
    (46) Primaria -> . ID
    (47) Primaria -> . NUM_INT
    (48) Primaria -> . NUM_DEC
    (49) Primaria -> . LPAREN Expressao LPAREN

    ID              shift and go to state 18
    NUM_INT         shift and go to state 31
    NUM_DEC         shift and go to state 32
    LPAREN          shift and go to state 30

    ExpressaoPostfix               shift and go to state 76
    Primaria                       shift and go to state 29

state 53

    (39) ExpressaoUnaria -> MINUS MINUS . ExpressaoPostfix
    (40) ExpressaoPostfix -> . Primaria
    (41) ExpressaoPostfix -> . Primaria LBRACKET Expressao RBRACKET
    (42) ExpressaoPostfix -> . Primaria LPAREN Argumentos RPAREN
    (43) ExpressaoPostfix -> . Primaria DOT ID
    (44) ExpressaoPostfix -> . Primaria ARROW ID
    (46) Primaria -> . ID
    (47) Primaria -> . NUM_INT
    (48) Primaria -> . NUM_DEC
    (49) Primaria -> . LPAREN Expressao LPAREN

    ID              shift and go to state 18
    NUM_INT         shift and go to state 31
    NUM_DEC         shift and go to state 32
    LPAREN          shift and go to state 30

    ExpressaoPostfix               shift and go to state 77
    Primaria                       shift and go to state 29

state 54

    (37) ExpressaoUnaria -> MINUS ExpressaoPostfix .

    TIMES           reduce using rule 37 (ExpressaoUnaria -> MINUS ExpressaoPostfix .)
    DIVIDE          reduce using rule 37 (ExpressaoUnaria -> MINUS ExpressaoPostfix .)
    MOD             reduce using rule 37 (ExpressaoUnaria -> MINUS ExpressaoPostfix .)
    GREATER         reduce using rule 37 (ExpressaoUnaria -> MINUS ExpressaoPostfix .)
    LESSER          reduce using rule 37 (ExpressaoUnaria -> MINUS ExpressaoPostfix .)
    GREATEREQUAL    reduce using rule 37 (ExpressaoUnaria -> MINUS ExpressaoPostfix .)
    LESSEREQUAL     reduce using rule 37 (ExpressaoUnaria -> MINUS ExpressaoPostfix .)
    NOTEQUAL        reduce using rule 37 (ExpressaoUnaria -> MINUS ExpressaoPostfix .)
    EQUALTO         reduce using rule 37 (ExpressaoUnaria -> MINUS ExpressaoPostfix .)
    PLUS            reduce using rule 37 (ExpressaoUnaria -> MINUS ExpressaoPostfix .)
    MINUS           reduce using rule 37 (ExpressaoUnaria -> MINUS ExpressaoPostfix .)
    OR              reduce using rule 37 (ExpressaoUnaria -> MINUS ExpressaoPostfix .)
    AND             reduce using rule 37 (ExpressaoUnaria -> MINUS ExpressaoPostfix .)
    SEMICOLLON      reduce using rule 37 (ExpressaoUnaria -> MINUS ExpressaoPostfix .)
    LPAREN          reduce using rule 37 (ExpressaoUnaria -> MINUS ExpressaoPostfix .)
    RBRACKET        reduce using rule 37 (ExpressaoUnaria -> MINUS ExpressaoPostfix .)


state 55

    (41) ExpressaoPostfix -> Primaria LBRACKET . Expressao RBRACKET
    (28) Expressao -> . ExpressaoLogica
    (17) ExpressaoLogica -> . ExpressaoRelacional
    (18) ExpressaoLogica -> . ExpressaoLogica OR ExpressaoRelacional
    (19) ExpressaoLogica -> . ExpressaoLogica AND ExpressaoRelacional
    (20) ExpressaoLogica -> . NOT ExpressaoRelacional
    (21) ExpressaoRelacional -> . ExpressaoAritmetica
    (22) ExpressaoRelacional -> . ExpressaoAritmetica GREATER ExpressaoAritmetica
    (23) ExpressaoRelacional -> . ExpressaoAritmetica LESSER ExpressaoAritmetica
    (24) ExpressaoRelacional -> . ExpressaoAritmetica GREATEREQUAL ExpressaoAritmetica
    (25) ExpressaoRelacional -> . ExpressaoAritmetica LESSEREQUAL ExpressaoAritmetica
    (26) ExpressaoRelacional -> . ExpressaoAritmetica NOTEQUAL ExpressaoAritmetica
    (27) ExpressaoRelacional -> . ExpressaoAritmetica EQUALTO ExpressaoAritmetica
    (29) ExpressaoAritmetica -> . ExpressaoMultiplicativa
    (30) ExpressaoAritmetica -> . ExpressaoAritmetica PLUS ExpressaoMultiplicativa
    (31) ExpressaoAritmetica -> . ExpressaoAritmetica MINUS ExpressaoMultiplicativa
    (32) ExpressaoMultiplicativa -> . ExpressaoUnaria
    (33) ExpressaoMultiplicativa -> . ExpressaoMultiplicativa TIMES ExpressaoUnaria
    (34) ExpressaoMultiplicativa -> . ExpressaoMultiplicativa DIVIDE ExpressaoUnaria
    (35) ExpressaoMultiplicativa -> . ExpressaoMultiplicativa MOD ExpressaoUnaria
    (36) ExpressaoUnaria -> . ExpressaoPostfix
    (37) ExpressaoUnaria -> . MINUS ExpressaoPostfix
    (38) ExpressaoUnaria -> . PLUS PLUS ExpressaoPostfix
    (39) ExpressaoUnaria -> . MINUS MINUS ExpressaoPostfix
    (40) ExpressaoPostfix -> . Primaria
    (41) ExpressaoPostfix -> . Primaria LBRACKET Expressao RBRACKET
    (42) ExpressaoPostfix -> . Primaria LPAREN Argumentos RPAREN
    (43) ExpressaoPostfix -> . Primaria DOT ID
    (44) ExpressaoPostfix -> . Primaria ARROW ID
    (46) Primaria -> . ID
    (47) Primaria -> . NUM_INT
    (48) Primaria -> . NUM_DEC
    (49) Primaria -> . LPAREN Expressao LPAREN

    NOT             shift and go to state 22
    MINUS           shift and go to state 26
    PLUS            shift and go to state 25
    ID              shift and go to state 18
    NUM_INT         shift and go to state 31
    NUM_DEC         shift and go to state 32
    LPAREN          shift and go to state 30

    Primaria                       shift and go to state 29
    Expressao                      shift and go to state 78
    ExpressaoLogica                shift and go to state 20
    ExpressaoRelacional            shift and go to state 21
    ExpressaoAritmetica            shift and go to state 23
    ExpressaoMultiplicativa        shift and go to state 24
    ExpressaoUnaria                shift and go to state 27
    ExpressaoPostfix               shift and go to state 28

state 56

    (42) ExpressaoPostfix -> Primaria LPAREN . Argumentos RPAREN
    (45) Argumentos -> .

    RPAREN          reduce using rule 45 (Argumentos -> .)

    Argumentos                     shift and go to state 79

state 57

    (43) ExpressaoPostfix -> Primaria DOT . ID

    ID              shift and go to state 80


state 58

    (44) ExpressaoPostfix -> Primaria ARROW . ID

    ID              shift and go to state 81


state 59

    (49) Primaria -> LPAREN Expressao . LPAREN

    LPAREN          shift and go to state 82


state 60

    (11) Parametros -> TIPO ID .
    (12) Parametros -> TIPO ID . LBRACKET RBRACKET
    (13) Parametros -> TIPO ID . ELLIPSIS ID

    RPAREN          reduce using rule 11 (Parametros -> TIPO ID .)
    LBRACKET        shift and go to state 83
    ELLIPSIS        shift and go to state 84


state 61

    (8) DeclaracaoFuncao -> TIPO ID LPAREN Parametros RPAREN . Bloco
    (15) Bloco -> . LBRACKET Declaracao RBRACKET

    LBRACKET        shift and go to state 86

    Bloco                          shift and go to state 85

state 62

    (10) Parametros -> PARAMETER COMMA . Parametros
    (9) Parametros -> . PARAMETER
    (10) Parametros -> . PARAMETER COMMA Parametros
    (11) Parametros -> . TIPO ID
    (12) Parametros -> . TIPO ID LBRACKET RBRACKET
    (13) Parametros -> . TIPO ID ELLIPSIS ID

    PARAMETER       shift and go to state 35
    TIPO            shift and go to state 33

    Parametros                     shift and go to state 87

state 63

    (18) ExpressaoLogica -> ExpressaoLogica OR ExpressaoRelacional .

    OR              reduce using rule 18 (ExpressaoLogica -> ExpressaoLogica OR ExpressaoRelacional .)
    AND             reduce using rule 18 (ExpressaoLogica -> ExpressaoLogica OR ExpressaoRelacional .)
    SEMICOLLON      reduce using rule 18 (ExpressaoLogica -> ExpressaoLogica OR ExpressaoRelacional .)
    LPAREN          reduce using rule 18 (ExpressaoLogica -> ExpressaoLogica OR ExpressaoRelacional .)
    RBRACKET        reduce using rule 18 (ExpressaoLogica -> ExpressaoLogica OR ExpressaoRelacional .)


state 64

    (19) ExpressaoLogica -> ExpressaoLogica AND ExpressaoRelacional .

    OR              reduce using rule 19 (ExpressaoLogica -> ExpressaoLogica AND ExpressaoRelacional .)
    AND             reduce using rule 19 (ExpressaoLogica -> ExpressaoLogica AND ExpressaoRelacional .)
    SEMICOLLON      reduce using rule 19 (ExpressaoLogica -> ExpressaoLogica AND ExpressaoRelacional .)
    LPAREN          reduce using rule 19 (ExpressaoLogica -> ExpressaoLogica AND ExpressaoRelacional .)
    RBRACKET        reduce using rule 19 (ExpressaoLogica -> ExpressaoLogica AND ExpressaoRelacional .)


state 65

    (22) ExpressaoRelacional -> ExpressaoAritmetica GREATER ExpressaoAritmetica .
    (30) ExpressaoAritmetica -> ExpressaoAritmetica . PLUS ExpressaoMultiplicativa
    (31) ExpressaoAritmetica -> ExpressaoAritmetica . MINUS ExpressaoMultiplicativa

    OR              reduce using rule 22 (ExpressaoRelacional -> ExpressaoAritmetica GREATER ExpressaoAritmetica .)
    AND             reduce using rule 22 (ExpressaoRelacional -> ExpressaoAritmetica GREATER ExpressaoAritmetica .)
    SEMICOLLON      reduce using rule 22 (ExpressaoRelacional -> ExpressaoAritmetica GREATER ExpressaoAritmetica .)
    LPAREN          reduce using rule 22 (ExpressaoRelacional -> ExpressaoAritmetica GREATER ExpressaoAritmetica .)
    RBRACKET        reduce using rule 22 (ExpressaoRelacional -> ExpressaoAritmetica GREATER ExpressaoAritmetica .)
    PLUS            shift and go to state 47
    MINUS           shift and go to state 48


state 66

    (23) ExpressaoRelacional -> ExpressaoAritmetica LESSER ExpressaoAritmetica .
    (30) ExpressaoAritmetica -> ExpressaoAritmetica . PLUS ExpressaoMultiplicativa
    (31) ExpressaoAritmetica -> ExpressaoAritmetica . MINUS ExpressaoMultiplicativa

    OR              reduce using rule 23 (ExpressaoRelacional -> ExpressaoAritmetica LESSER ExpressaoAritmetica .)
    AND             reduce using rule 23 (ExpressaoRelacional -> ExpressaoAritmetica LESSER ExpressaoAritmetica .)
    SEMICOLLON      reduce using rule 23 (ExpressaoRelacional -> ExpressaoAritmetica LESSER ExpressaoAritmetica .)
    LPAREN          reduce using rule 23 (ExpressaoRelacional -> ExpressaoAritmetica LESSER ExpressaoAritmetica .)
    RBRACKET        reduce using rule 23 (ExpressaoRelacional -> ExpressaoAritmetica LESSER ExpressaoAritmetica .)
    PLUS            shift and go to state 47
    MINUS           shift and go to state 48


state 67

    (24) ExpressaoRelacional -> ExpressaoAritmetica GREATEREQUAL ExpressaoAritmetica .
    (30) ExpressaoAritmetica -> ExpressaoAritmetica . PLUS ExpressaoMultiplicativa
    (31) ExpressaoAritmetica -> ExpressaoAritmetica . MINUS ExpressaoMultiplicativa

    OR              reduce using rule 24 (ExpressaoRelacional -> ExpressaoAritmetica GREATEREQUAL ExpressaoAritmetica .)
    AND             reduce using rule 24 (ExpressaoRelacional -> ExpressaoAritmetica GREATEREQUAL ExpressaoAritmetica .)
    SEMICOLLON      reduce using rule 24 (ExpressaoRelacional -> ExpressaoAritmetica GREATEREQUAL ExpressaoAritmetica .)
    LPAREN          reduce using rule 24 (ExpressaoRelacional -> ExpressaoAritmetica GREATEREQUAL ExpressaoAritmetica .)
    RBRACKET        reduce using rule 24 (ExpressaoRelacional -> ExpressaoAritmetica GREATEREQUAL ExpressaoAritmetica .)
    PLUS            shift and go to state 47
    MINUS           shift and go to state 48


state 68

    (25) ExpressaoRelacional -> ExpressaoAritmetica LESSEREQUAL ExpressaoAritmetica .
    (30) ExpressaoAritmetica -> ExpressaoAritmetica . PLUS ExpressaoMultiplicativa
    (31) ExpressaoAritmetica -> ExpressaoAritmetica . MINUS ExpressaoMultiplicativa

    OR              reduce using rule 25 (ExpressaoRelacional -> ExpressaoAritmetica LESSEREQUAL ExpressaoAritmetica .)
    AND             reduce using rule 25 (ExpressaoRelacional -> ExpressaoAritmetica LESSEREQUAL ExpressaoAritmetica .)
    SEMICOLLON      reduce using rule 25 (ExpressaoRelacional -> ExpressaoAritmetica LESSEREQUAL ExpressaoAritmetica .)
    LPAREN          reduce using rule 25 (ExpressaoRelacional -> ExpressaoAritmetica LESSEREQUAL ExpressaoAritmetica .)
    RBRACKET        reduce using rule 25 (ExpressaoRelacional -> ExpressaoAritmetica LESSEREQUAL ExpressaoAritmetica .)
    PLUS            shift and go to state 47
    MINUS           shift and go to state 48


state 69

    (26) ExpressaoRelacional -> ExpressaoAritmetica NOTEQUAL ExpressaoAritmetica .
    (30) ExpressaoAritmetica -> ExpressaoAritmetica . PLUS ExpressaoMultiplicativa
    (31) ExpressaoAritmetica -> ExpressaoAritmetica . MINUS ExpressaoMultiplicativa

    OR              reduce using rule 26 (ExpressaoRelacional -> ExpressaoAritmetica NOTEQUAL ExpressaoAritmetica .)
    AND             reduce using rule 26 (ExpressaoRelacional -> ExpressaoAritmetica NOTEQUAL ExpressaoAritmetica .)
    SEMICOLLON      reduce using rule 26 (ExpressaoRelacional -> ExpressaoAritmetica NOTEQUAL ExpressaoAritmetica .)
    LPAREN          reduce using rule 26 (ExpressaoRelacional -> ExpressaoAritmetica NOTEQUAL ExpressaoAritmetica .)
    RBRACKET        reduce using rule 26 (ExpressaoRelacional -> ExpressaoAritmetica NOTEQUAL ExpressaoAritmetica .)
    PLUS            shift and go to state 47
    MINUS           shift and go to state 48


state 70

    (27) ExpressaoRelacional -> ExpressaoAritmetica EQUALTO ExpressaoAritmetica .
    (30) ExpressaoAritmetica -> ExpressaoAritmetica . PLUS ExpressaoMultiplicativa
    (31) ExpressaoAritmetica -> ExpressaoAritmetica . MINUS ExpressaoMultiplicativa

    OR              reduce using rule 27 (ExpressaoRelacional -> ExpressaoAritmetica EQUALTO ExpressaoAritmetica .)
    AND             reduce using rule 27 (ExpressaoRelacional -> ExpressaoAritmetica EQUALTO ExpressaoAritmetica .)
    SEMICOLLON      reduce using rule 27 (ExpressaoRelacional -> ExpressaoAritmetica EQUALTO ExpressaoAritmetica .)
    LPAREN          reduce using rule 27 (ExpressaoRelacional -> ExpressaoAritmetica EQUALTO ExpressaoAritmetica .)
    RBRACKET        reduce using rule 27 (ExpressaoRelacional -> ExpressaoAritmetica EQUALTO ExpressaoAritmetica .)
    PLUS            shift and go to state 47
    MINUS           shift and go to state 48


state 71

    (30) ExpressaoAritmetica -> ExpressaoAritmetica PLUS ExpressaoMultiplicativa .
    (33) ExpressaoMultiplicativa -> ExpressaoMultiplicativa . TIMES ExpressaoUnaria
    (34) ExpressaoMultiplicativa -> ExpressaoMultiplicativa . DIVIDE ExpressaoUnaria
    (35) ExpressaoMultiplicativa -> ExpressaoMultiplicativa . MOD ExpressaoUnaria

    GREATER         reduce using rule 30 (ExpressaoAritmetica -> ExpressaoAritmetica PLUS ExpressaoMultiplicativa .)
    LESSER          reduce using rule 30 (ExpressaoAritmetica -> ExpressaoAritmetica PLUS ExpressaoMultiplicativa .)
    GREATEREQUAL    reduce using rule 30 (ExpressaoAritmetica -> ExpressaoAritmetica PLUS ExpressaoMultiplicativa .)
    LESSEREQUAL     reduce using rule 30 (ExpressaoAritmetica -> ExpressaoAritmetica PLUS ExpressaoMultiplicativa .)
    NOTEQUAL        reduce using rule 30 (ExpressaoAritmetica -> ExpressaoAritmetica PLUS ExpressaoMultiplicativa .)
    EQUALTO         reduce using rule 30 (ExpressaoAritmetica -> ExpressaoAritmetica PLUS ExpressaoMultiplicativa .)
    PLUS            reduce using rule 30 (ExpressaoAritmetica -> ExpressaoAritmetica PLUS ExpressaoMultiplicativa .)
    MINUS           reduce using rule 30 (ExpressaoAritmetica -> ExpressaoAritmetica PLUS ExpressaoMultiplicativa .)
    OR              reduce using rule 30 (ExpressaoAritmetica -> ExpressaoAritmetica PLUS ExpressaoMultiplicativa .)
    AND             reduce using rule 30 (ExpressaoAritmetica -> ExpressaoAritmetica PLUS ExpressaoMultiplicativa .)
    SEMICOLLON      reduce using rule 30 (ExpressaoAritmetica -> ExpressaoAritmetica PLUS ExpressaoMultiplicativa .)
    LPAREN          reduce using rule 30 (ExpressaoAritmetica -> ExpressaoAritmetica PLUS ExpressaoMultiplicativa .)
    RBRACKET        reduce using rule 30 (ExpressaoAritmetica -> ExpressaoAritmetica PLUS ExpressaoMultiplicativa .)
    TIMES           shift and go to state 49
    DIVIDE          shift and go to state 50
    MOD             shift and go to state 51


state 72

    (31) ExpressaoAritmetica -> ExpressaoAritmetica MINUS ExpressaoMultiplicativa .
    (33) ExpressaoMultiplicativa -> ExpressaoMultiplicativa . TIMES ExpressaoUnaria
    (34) ExpressaoMultiplicativa -> ExpressaoMultiplicativa . DIVIDE ExpressaoUnaria
    (35) ExpressaoMultiplicativa -> ExpressaoMultiplicativa . MOD ExpressaoUnaria

    GREATER         reduce using rule 31 (ExpressaoAritmetica -> ExpressaoAritmetica MINUS ExpressaoMultiplicativa .)
    LESSER          reduce using rule 31 (ExpressaoAritmetica -> ExpressaoAritmetica MINUS ExpressaoMultiplicativa .)
    GREATEREQUAL    reduce using rule 31 (ExpressaoAritmetica -> ExpressaoAritmetica MINUS ExpressaoMultiplicativa .)
    LESSEREQUAL     reduce using rule 31 (ExpressaoAritmetica -> ExpressaoAritmetica MINUS ExpressaoMultiplicativa .)
    NOTEQUAL        reduce using rule 31 (ExpressaoAritmetica -> ExpressaoAritmetica MINUS ExpressaoMultiplicativa .)
    EQUALTO         reduce using rule 31 (ExpressaoAritmetica -> ExpressaoAritmetica MINUS ExpressaoMultiplicativa .)
    PLUS            reduce using rule 31 (ExpressaoAritmetica -> ExpressaoAritmetica MINUS ExpressaoMultiplicativa .)
    MINUS           reduce using rule 31 (ExpressaoAritmetica -> ExpressaoAritmetica MINUS ExpressaoMultiplicativa .)
    OR              reduce using rule 31 (ExpressaoAritmetica -> ExpressaoAritmetica MINUS ExpressaoMultiplicativa .)
    AND             reduce using rule 31 (ExpressaoAritmetica -> ExpressaoAritmetica MINUS ExpressaoMultiplicativa .)
    SEMICOLLON      reduce using rule 31 (ExpressaoAritmetica -> ExpressaoAritmetica MINUS ExpressaoMultiplicativa .)
    LPAREN          reduce using rule 31 (ExpressaoAritmetica -> ExpressaoAritmetica MINUS ExpressaoMultiplicativa .)
    RBRACKET        reduce using rule 31 (ExpressaoAritmetica -> ExpressaoAritmetica MINUS ExpressaoMultiplicativa .)
    TIMES           shift and go to state 49
    DIVIDE          shift and go to state 50
    MOD             shift and go to state 51


state 73

    (33) ExpressaoMultiplicativa -> ExpressaoMultiplicativa TIMES ExpressaoUnaria .

    TIMES           reduce using rule 33 (ExpressaoMultiplicativa -> ExpressaoMultiplicativa TIMES ExpressaoUnaria .)
    DIVIDE          reduce using rule 33 (ExpressaoMultiplicativa -> ExpressaoMultiplicativa TIMES ExpressaoUnaria .)
    MOD             reduce using rule 33 (ExpressaoMultiplicativa -> ExpressaoMultiplicativa TIMES ExpressaoUnaria .)
    GREATER         reduce using rule 33 (ExpressaoMultiplicativa -> ExpressaoMultiplicativa TIMES ExpressaoUnaria .)
    LESSER          reduce using rule 33 (ExpressaoMultiplicativa -> ExpressaoMultiplicativa TIMES ExpressaoUnaria .)
    GREATEREQUAL    reduce using rule 33 (ExpressaoMultiplicativa -> ExpressaoMultiplicativa TIMES ExpressaoUnaria .)
    LESSEREQUAL     reduce using rule 33 (ExpressaoMultiplicativa -> ExpressaoMultiplicativa TIMES ExpressaoUnaria .)
    NOTEQUAL        reduce using rule 33 (ExpressaoMultiplicativa -> ExpressaoMultiplicativa TIMES ExpressaoUnaria .)
    EQUALTO         reduce using rule 33 (ExpressaoMultiplicativa -> ExpressaoMultiplicativa TIMES ExpressaoUnaria .)
    PLUS            reduce using rule 33 (ExpressaoMultiplicativa -> ExpressaoMultiplicativa TIMES ExpressaoUnaria .)
    MINUS           reduce using rule 33 (ExpressaoMultiplicativa -> ExpressaoMultiplicativa TIMES ExpressaoUnaria .)
    OR              reduce using rule 33 (ExpressaoMultiplicativa -> ExpressaoMultiplicativa TIMES ExpressaoUnaria .)
    AND             reduce using rule 33 (ExpressaoMultiplicativa -> ExpressaoMultiplicativa TIMES ExpressaoUnaria .)
    SEMICOLLON      reduce using rule 33 (ExpressaoMultiplicativa -> ExpressaoMultiplicativa TIMES ExpressaoUnaria .)
    LPAREN          reduce using rule 33 (ExpressaoMultiplicativa -> ExpressaoMultiplicativa TIMES ExpressaoUnaria .)
    RBRACKET        reduce using rule 33 (ExpressaoMultiplicativa -> ExpressaoMultiplicativa TIMES ExpressaoUnaria .)


state 74

    (34) ExpressaoMultiplicativa -> ExpressaoMultiplicativa DIVIDE ExpressaoUnaria .

    TIMES           reduce using rule 34 (ExpressaoMultiplicativa -> ExpressaoMultiplicativa DIVIDE ExpressaoUnaria .)
    DIVIDE          reduce using rule 34 (ExpressaoMultiplicativa -> ExpressaoMultiplicativa DIVIDE ExpressaoUnaria .)
    MOD             reduce using rule 34 (ExpressaoMultiplicativa -> ExpressaoMultiplicativa DIVIDE ExpressaoUnaria .)
    GREATER         reduce using rule 34 (ExpressaoMultiplicativa -> ExpressaoMultiplicativa DIVIDE ExpressaoUnaria .)
    LESSER          reduce using rule 34 (ExpressaoMultiplicativa -> ExpressaoMultiplicativa DIVIDE ExpressaoUnaria .)
    GREATEREQUAL    reduce using rule 34 (ExpressaoMultiplicativa -> ExpressaoMultiplicativa DIVIDE ExpressaoUnaria .)
    LESSEREQUAL     reduce using rule 34 (ExpressaoMultiplicativa -> ExpressaoMultiplicativa DIVIDE ExpressaoUnaria .)
    NOTEQUAL        reduce using rule 34 (ExpressaoMultiplicativa -> ExpressaoMultiplicativa DIVIDE ExpressaoUnaria .)
    EQUALTO         reduce using rule 34 (ExpressaoMultiplicativa -> ExpressaoMultiplicativa DIVIDE ExpressaoUnaria .)
    PLUS            reduce using rule 34 (ExpressaoMultiplicativa -> ExpressaoMultiplicativa DIVIDE ExpressaoUnaria .)
    MINUS           reduce using rule 34 (ExpressaoMultiplicativa -> ExpressaoMultiplicativa DIVIDE ExpressaoUnaria .)
    OR              reduce using rule 34 (ExpressaoMultiplicativa -> ExpressaoMultiplicativa DIVIDE ExpressaoUnaria .)
    AND             reduce using rule 34 (ExpressaoMultiplicativa -> ExpressaoMultiplicativa DIVIDE ExpressaoUnaria .)
    SEMICOLLON      reduce using rule 34 (ExpressaoMultiplicativa -> ExpressaoMultiplicativa DIVIDE ExpressaoUnaria .)
    LPAREN          reduce using rule 34 (ExpressaoMultiplicativa -> ExpressaoMultiplicativa DIVIDE ExpressaoUnaria .)
    RBRACKET        reduce using rule 34 (ExpressaoMultiplicativa -> ExpressaoMultiplicativa DIVIDE ExpressaoUnaria .)


state 75

    (35) ExpressaoMultiplicativa -> ExpressaoMultiplicativa MOD ExpressaoUnaria .

    TIMES           reduce using rule 35 (ExpressaoMultiplicativa -> ExpressaoMultiplicativa MOD ExpressaoUnaria .)
    DIVIDE          reduce using rule 35 (ExpressaoMultiplicativa -> ExpressaoMultiplicativa MOD ExpressaoUnaria .)
    MOD             reduce using rule 35 (ExpressaoMultiplicativa -> ExpressaoMultiplicativa MOD ExpressaoUnaria .)
    GREATER         reduce using rule 35 (ExpressaoMultiplicativa -> ExpressaoMultiplicativa MOD ExpressaoUnaria .)
    LESSER          reduce using rule 35 (ExpressaoMultiplicativa -> ExpressaoMultiplicativa MOD ExpressaoUnaria .)
    GREATEREQUAL    reduce using rule 35 (ExpressaoMultiplicativa -> ExpressaoMultiplicativa MOD ExpressaoUnaria .)
    LESSEREQUAL     reduce using rule 35 (ExpressaoMultiplicativa -> ExpressaoMultiplicativa MOD ExpressaoUnaria .)
    NOTEQUAL        reduce using rule 35 (ExpressaoMultiplicativa -> ExpressaoMultiplicativa MOD ExpressaoUnaria .)
    EQUALTO         reduce using rule 35 (ExpressaoMultiplicativa -> ExpressaoMultiplicativa MOD ExpressaoUnaria .)
    PLUS            reduce using rule 35 (ExpressaoMultiplicativa -> ExpressaoMultiplicativa MOD ExpressaoUnaria .)
    MINUS           reduce using rule 35 (ExpressaoMultiplicativa -> ExpressaoMultiplicativa MOD ExpressaoUnaria .)
    OR              reduce using rule 35 (ExpressaoMultiplicativa -> ExpressaoMultiplicativa MOD ExpressaoUnaria .)
    AND             reduce using rule 35 (ExpressaoMultiplicativa -> ExpressaoMultiplicativa MOD ExpressaoUnaria .)
    SEMICOLLON      reduce using rule 35 (ExpressaoMultiplicativa -> ExpressaoMultiplicativa MOD ExpressaoUnaria .)
    LPAREN          reduce using rule 35 (ExpressaoMultiplicativa -> ExpressaoMultiplicativa MOD ExpressaoUnaria .)
    RBRACKET        reduce using rule 35 (ExpressaoMultiplicativa -> ExpressaoMultiplicativa MOD ExpressaoUnaria .)


state 76

    (38) ExpressaoUnaria -> PLUS PLUS ExpressaoPostfix .

    TIMES           reduce using rule 38 (ExpressaoUnaria -> PLUS PLUS ExpressaoPostfix .)
    DIVIDE          reduce using rule 38 (ExpressaoUnaria -> PLUS PLUS ExpressaoPostfix .)
    MOD             reduce using rule 38 (ExpressaoUnaria -> PLUS PLUS ExpressaoPostfix .)
    GREATER         reduce using rule 38 (ExpressaoUnaria -> PLUS PLUS ExpressaoPostfix .)
    LESSER          reduce using rule 38 (ExpressaoUnaria -> PLUS PLUS ExpressaoPostfix .)
    GREATEREQUAL    reduce using rule 38 (ExpressaoUnaria -> PLUS PLUS ExpressaoPostfix .)
    LESSEREQUAL     reduce using rule 38 (ExpressaoUnaria -> PLUS PLUS ExpressaoPostfix .)
    NOTEQUAL        reduce using rule 38 (ExpressaoUnaria -> PLUS PLUS ExpressaoPostfix .)
    EQUALTO         reduce using rule 38 (ExpressaoUnaria -> PLUS PLUS ExpressaoPostfix .)
    PLUS            reduce using rule 38 (ExpressaoUnaria -> PLUS PLUS ExpressaoPostfix .)
    MINUS           reduce using rule 38 (ExpressaoUnaria -> PLUS PLUS ExpressaoPostfix .)
    OR              reduce using rule 38 (ExpressaoUnaria -> PLUS PLUS ExpressaoPostfix .)
    AND             reduce using rule 38 (ExpressaoUnaria -> PLUS PLUS ExpressaoPostfix .)
    SEMICOLLON      reduce using rule 38 (ExpressaoUnaria -> PLUS PLUS ExpressaoPostfix .)
    LPAREN          reduce using rule 38 (ExpressaoUnaria -> PLUS PLUS ExpressaoPostfix .)
    RBRACKET        reduce using rule 38 (ExpressaoUnaria -> PLUS PLUS ExpressaoPostfix .)


state 77

    (39) ExpressaoUnaria -> MINUS MINUS ExpressaoPostfix .

    TIMES           reduce using rule 39 (ExpressaoUnaria -> MINUS MINUS ExpressaoPostfix .)
    DIVIDE          reduce using rule 39 (ExpressaoUnaria -> MINUS MINUS ExpressaoPostfix .)
    MOD             reduce using rule 39 (ExpressaoUnaria -> MINUS MINUS ExpressaoPostfix .)
    GREATER         reduce using rule 39 (ExpressaoUnaria -> MINUS MINUS ExpressaoPostfix .)
    LESSER          reduce using rule 39 (ExpressaoUnaria -> MINUS MINUS ExpressaoPostfix .)
    GREATEREQUAL    reduce using rule 39 (ExpressaoUnaria -> MINUS MINUS ExpressaoPostfix .)
    LESSEREQUAL     reduce using rule 39 (ExpressaoUnaria -> MINUS MINUS ExpressaoPostfix .)
    NOTEQUAL        reduce using rule 39 (ExpressaoUnaria -> MINUS MINUS ExpressaoPostfix .)
    EQUALTO         reduce using rule 39 (ExpressaoUnaria -> MINUS MINUS ExpressaoPostfix .)
    PLUS            reduce using rule 39 (ExpressaoUnaria -> MINUS MINUS ExpressaoPostfix .)
    MINUS           reduce using rule 39 (ExpressaoUnaria -> MINUS MINUS ExpressaoPostfix .)
    OR              reduce using rule 39 (ExpressaoUnaria -> MINUS MINUS ExpressaoPostfix .)
    AND             reduce using rule 39 (ExpressaoUnaria -> MINUS MINUS ExpressaoPostfix .)
    SEMICOLLON      reduce using rule 39 (ExpressaoUnaria -> MINUS MINUS ExpressaoPostfix .)
    LPAREN          reduce using rule 39 (ExpressaoUnaria -> MINUS MINUS ExpressaoPostfix .)
    RBRACKET        reduce using rule 39 (ExpressaoUnaria -> MINUS MINUS ExpressaoPostfix .)


state 78

    (41) ExpressaoPostfix -> Primaria LBRACKET Expressao . RBRACKET

    RBRACKET        shift and go to state 88


state 79

    (42) ExpressaoPostfix -> Primaria LPAREN Argumentos . RPAREN

    RPAREN          shift and go to state 89


state 80

    (43) ExpressaoPostfix -> Primaria DOT ID .

    TIMES           reduce using rule 43 (ExpressaoPostfix -> Primaria DOT ID .)
    DIVIDE          reduce using rule 43 (ExpressaoPostfix -> Primaria DOT ID .)
    MOD             reduce using rule 43 (ExpressaoPostfix -> Primaria DOT ID .)
    GREATER         reduce using rule 43 (ExpressaoPostfix -> Primaria DOT ID .)
    LESSER          reduce using rule 43 (ExpressaoPostfix -> Primaria DOT ID .)
    GREATEREQUAL    reduce using rule 43 (ExpressaoPostfix -> Primaria DOT ID .)
    LESSEREQUAL     reduce using rule 43 (ExpressaoPostfix -> Primaria DOT ID .)
    NOTEQUAL        reduce using rule 43 (ExpressaoPostfix -> Primaria DOT ID .)
    EQUALTO         reduce using rule 43 (ExpressaoPostfix -> Primaria DOT ID .)
    PLUS            reduce using rule 43 (ExpressaoPostfix -> Primaria DOT ID .)
    MINUS           reduce using rule 43 (ExpressaoPostfix -> Primaria DOT ID .)
    OR              reduce using rule 43 (ExpressaoPostfix -> Primaria DOT ID .)
    AND             reduce using rule 43 (ExpressaoPostfix -> Primaria DOT ID .)
    SEMICOLLON      reduce using rule 43 (ExpressaoPostfix -> Primaria DOT ID .)
    LPAREN          reduce using rule 43 (ExpressaoPostfix -> Primaria DOT ID .)
    RBRACKET        reduce using rule 43 (ExpressaoPostfix -> Primaria DOT ID .)


state 81

    (44) ExpressaoPostfix -> Primaria ARROW ID .

    TIMES           reduce using rule 44 (ExpressaoPostfix -> Primaria ARROW ID .)
    DIVIDE          reduce using rule 44 (ExpressaoPostfix -> Primaria ARROW ID .)
    MOD             reduce using rule 44 (ExpressaoPostfix -> Primaria ARROW ID .)
    GREATER         reduce using rule 44 (ExpressaoPostfix -> Primaria ARROW ID .)
    LESSER          reduce using rule 44 (ExpressaoPostfix -> Primaria ARROW ID .)
    GREATEREQUAL    reduce using rule 44 (ExpressaoPostfix -> Primaria ARROW ID .)
    LESSEREQUAL     reduce using rule 44 (ExpressaoPostfix -> Primaria ARROW ID .)
    NOTEQUAL        reduce using rule 44 (ExpressaoPostfix -> Primaria ARROW ID .)
    EQUALTO         reduce using rule 44 (ExpressaoPostfix -> Primaria ARROW ID .)
    PLUS            reduce using rule 44 (ExpressaoPostfix -> Primaria ARROW ID .)
    MINUS           reduce using rule 44 (ExpressaoPostfix -> Primaria ARROW ID .)
    OR              reduce using rule 44 (ExpressaoPostfix -> Primaria ARROW ID .)
    AND             reduce using rule 44 (ExpressaoPostfix -> Primaria ARROW ID .)
    SEMICOLLON      reduce using rule 44 (ExpressaoPostfix -> Primaria ARROW ID .)
    LPAREN          reduce using rule 44 (ExpressaoPostfix -> Primaria ARROW ID .)
    RBRACKET        reduce using rule 44 (ExpressaoPostfix -> Primaria ARROW ID .)


state 82

    (49) Primaria -> LPAREN Expressao LPAREN .

    LBRACKET        reduce using rule 49 (Primaria -> LPAREN Expressao LPAREN .)
    LPAREN          reduce using rule 49 (Primaria -> LPAREN Expressao LPAREN .)
    DOT             reduce using rule 49 (Primaria -> LPAREN Expressao LPAREN .)
    ARROW           reduce using rule 49 (Primaria -> LPAREN Expressao LPAREN .)
    TIMES           reduce using rule 49 (Primaria -> LPAREN Expressao LPAREN .)
    DIVIDE          reduce using rule 49 (Primaria -> LPAREN Expressao LPAREN .)
    MOD             reduce using rule 49 (Primaria -> LPAREN Expressao LPAREN .)
    GREATER         reduce using rule 49 (Primaria -> LPAREN Expressao LPAREN .)
    LESSER          reduce using rule 49 (Primaria -> LPAREN Expressao LPAREN .)
    GREATEREQUAL    reduce using rule 49 (Primaria -> LPAREN Expressao LPAREN .)
    LESSEREQUAL     reduce using rule 49 (Primaria -> LPAREN Expressao LPAREN .)
    NOTEQUAL        reduce using rule 49 (Primaria -> LPAREN Expressao LPAREN .)
    EQUALTO         reduce using rule 49 (Primaria -> LPAREN Expressao LPAREN .)
    PLUS            reduce using rule 49 (Primaria -> LPAREN Expressao LPAREN .)
    MINUS           reduce using rule 49 (Primaria -> LPAREN Expressao LPAREN .)
    OR              reduce using rule 49 (Primaria -> LPAREN Expressao LPAREN .)
    AND             reduce using rule 49 (Primaria -> LPAREN Expressao LPAREN .)
    SEMICOLLON      reduce using rule 49 (Primaria -> LPAREN Expressao LPAREN .)
    RBRACKET        reduce using rule 49 (Primaria -> LPAREN Expressao LPAREN .)


state 83

    (12) Parametros -> TIPO ID LBRACKET . RBRACKET

    RBRACKET        shift and go to state 90


state 84

    (13) Parametros -> TIPO ID ELLIPSIS . ID

    ID              shift and go to state 91


state 85

    (8) DeclaracaoFuncao -> TIPO ID LPAREN Parametros RPAREN Bloco .

    $end            reduce using rule 8 (DeclaracaoFuncao -> TIPO ID LPAREN Parametros RPAREN Bloco .)
    RBRACKET        reduce using rule 8 (DeclaracaoFuncao -> TIPO ID LPAREN Parametros RPAREN Bloco .)


state 86

    (15) Bloco -> LBRACKET . Declaracao RBRACKET
    (2) Declaracao -> . DeclaracaoVariavel
    (3) Declaracao -> . DeclaracaoFuncao
    (4) Declaracao -> . DeclaracaoEstrutura
    (5) Declaracao -> . Comentario
    (6) DeclaracaoVariavel -> . TIPO ID SEMICOLLON
    (7) DeclaracaoVariavel -> . TIPO ID EQUALS Expressao SEMICOLLON
    (8) DeclaracaoFuncao -> . TIPO ID LPAREN Parametros RPAREN Bloco
    (16) DeclaracaoEstrutura -> . LBRACKET DeclaracaoVariavel RBRACKET SEMICOLLON
    (14) Comentario -> . COMMENTLINE

    TIPO            shift and go to state 7
    LBRACKET        shift and go to state 8
    COMMENTLINE     shift and go to state 9

    Declaracao                     shift and go to state 92
    DeclaracaoVariavel             shift and go to state 3
    DeclaracaoFuncao               shift and go to state 4
    DeclaracaoEstrutura            shift and go to state 5
    Comentario                     shift and go to state 6

state 87

    (10) Parametros -> PARAMETER COMMA Parametros .

    RPAREN          reduce using rule 10 (Parametros -> PARAMETER COMMA Parametros .)


state 88

    (41) ExpressaoPostfix -> Primaria LBRACKET Expressao RBRACKET .

    TIMES           reduce using rule 41 (ExpressaoPostfix -> Primaria LBRACKET Expressao RBRACKET .)
    DIVIDE          reduce using rule 41 (ExpressaoPostfix -> Primaria LBRACKET Expressao RBRACKET .)
    MOD             reduce using rule 41 (ExpressaoPostfix -> Primaria LBRACKET Expressao RBRACKET .)
    GREATER         reduce using rule 41 (ExpressaoPostfix -> Primaria LBRACKET Expressao RBRACKET .)
    LESSER          reduce using rule 41 (ExpressaoPostfix -> Primaria LBRACKET Expressao RBRACKET .)
    GREATEREQUAL    reduce using rule 41 (ExpressaoPostfix -> Primaria LBRACKET Expressao RBRACKET .)
    LESSEREQUAL     reduce using rule 41 (ExpressaoPostfix -> Primaria LBRACKET Expressao RBRACKET .)
    NOTEQUAL        reduce using rule 41 (ExpressaoPostfix -> Primaria LBRACKET Expressao RBRACKET .)
    EQUALTO         reduce using rule 41 (ExpressaoPostfix -> Primaria LBRACKET Expressao RBRACKET .)
    PLUS            reduce using rule 41 (ExpressaoPostfix -> Primaria LBRACKET Expressao RBRACKET .)
    MINUS           reduce using rule 41 (ExpressaoPostfix -> Primaria LBRACKET Expressao RBRACKET .)
    OR              reduce using rule 41 (ExpressaoPostfix -> Primaria LBRACKET Expressao RBRACKET .)
    AND             reduce using rule 41 (ExpressaoPostfix -> Primaria LBRACKET Expressao RBRACKET .)
    SEMICOLLON      reduce using rule 41 (ExpressaoPostfix -> Primaria LBRACKET Expressao RBRACKET .)
    LPAREN          reduce using rule 41 (ExpressaoPostfix -> Primaria LBRACKET Expressao RBRACKET .)
    RBRACKET        reduce using rule 41 (ExpressaoPostfix -> Primaria LBRACKET Expressao RBRACKET .)


state 89

    (42) ExpressaoPostfix -> Primaria LPAREN Argumentos RPAREN .

    TIMES           reduce using rule 42 (ExpressaoPostfix -> Primaria LPAREN Argumentos RPAREN .)
    DIVIDE          reduce using rule 42 (ExpressaoPostfix -> Primaria LPAREN Argumentos RPAREN .)
    MOD             reduce using rule 42 (ExpressaoPostfix -> Primaria LPAREN Argumentos RPAREN .)
    GREATER         reduce using rule 42 (ExpressaoPostfix -> Primaria LPAREN Argumentos RPAREN .)
    LESSER          reduce using rule 42 (ExpressaoPostfix -> Primaria LPAREN Argumentos RPAREN .)
    GREATEREQUAL    reduce using rule 42 (ExpressaoPostfix -> Primaria LPAREN Argumentos RPAREN .)
    LESSEREQUAL     reduce using rule 42 (ExpressaoPostfix -> Primaria LPAREN Argumentos RPAREN .)
    NOTEQUAL        reduce using rule 42 (ExpressaoPostfix -> Primaria LPAREN Argumentos RPAREN .)
    EQUALTO         reduce using rule 42 (ExpressaoPostfix -> Primaria LPAREN Argumentos RPAREN .)
    PLUS            reduce using rule 42 (ExpressaoPostfix -> Primaria LPAREN Argumentos RPAREN .)
    MINUS           reduce using rule 42 (ExpressaoPostfix -> Primaria LPAREN Argumentos RPAREN .)
    OR              reduce using rule 42 (ExpressaoPostfix -> Primaria LPAREN Argumentos RPAREN .)
    AND             reduce using rule 42 (ExpressaoPostfix -> Primaria LPAREN Argumentos RPAREN .)
    SEMICOLLON      reduce using rule 42 (ExpressaoPostfix -> Primaria LPAREN Argumentos RPAREN .)
    LPAREN          reduce using rule 42 (ExpressaoPostfix -> Primaria LPAREN Argumentos RPAREN .)
    RBRACKET        reduce using rule 42 (ExpressaoPostfix -> Primaria LPAREN Argumentos RPAREN .)


state 90

    (12) Parametros -> TIPO ID LBRACKET RBRACKET .

    RPAREN          reduce using rule 12 (Parametros -> TIPO ID LBRACKET RBRACKET .)


state 91

    (13) Parametros -> TIPO ID ELLIPSIS ID .

    RPAREN          reduce using rule 13 (Parametros -> TIPO ID ELLIPSIS ID .)


state 92

    (15) Bloco -> LBRACKET Declaracao . RBRACKET

    RBRACKET        shift and go to state 93


state 93

    (15) Bloco -> LBRACKET Declaracao RBRACKET .

    $end            reduce using rule 15 (Bloco -> LBRACKET Declaracao RBRACKET .)
    RBRACKET        reduce using rule 15 (Bloco -> LBRACKET Declaracao RBRACKET .)

WARNING: 
WARNING: Conflicts:
WARNING: 
WARNING: shift/reduce conflict for LPAREN in state 29 resolved as shift
